2023-04-02 00:02:03,856 INFO org.springframework.boot.StartupInfoLogger [main] Starting Demarage using Java 1.8.0_362 on DESKTOP-VLQJ05K with PID 1856 (C:\Users\idris\OneDrive\Bureau\git\TPComponentsSpringIOC\target\classes started by idris in C:\Users\idris\OneDrive\Bureau\git\TPComponentsSpringIOC)
2023-04-02 00:02:03,858 DEBUG org.springframework.boot.StartupInfoLogger [main] Running with Spring Boot v2.5.1, Spring v5.3.8
2023-04-02 00:02:03,859 INFO org.springframework.boot.SpringApplication [main] The following profiles are active: local
2023-04-02 00:02:04,502 INFO org.springframework.data.repository.config.RepositoryConfigurationDelegate [main] Bootstrapping Spring Data JPA repositories in DEFAULT mode.
2023-04-02 00:02:04,542 INFO org.springframework.data.repository.config.RepositoryConfigurationDelegate [main] Finished Spring Data repository scanning in 34 ms. Found 1 JPA repository interfaces.
2023-04-02 00:02:05,106 INFO org.springframework.boot.web.embedded.tomcat.TomcatWebServer [main] Tomcat initialized with port(s): 8082 (http)
2023-04-02 00:02:05,114 INFO org.apache.juli.logging.DirectJDKLog [main] Initializing ProtocolHandler ["http-nio-8082"]
2023-04-02 00:02:05,114 INFO org.apache.juli.logging.DirectJDKLog [main] Starting service [Tomcat]
2023-04-02 00:02:05,114 INFO org.apache.juli.logging.DirectJDKLog [main] Starting Servlet engine: [Apache Tomcat/9.0.46]
2023-04-02 00:02:05,177 INFO org.apache.juli.logging.DirectJDKLog [main] Initializing Spring embedded WebApplicationContext
2023-04-02 00:02:05,177 INFO org.springframework.boot.web.servlet.context.ServletWebServerApplicationContext [main] Root WebApplicationContext: initialization completed in 1288 ms
2023-04-02 00:02:05,275 INFO com.zaxxer.hikari.HikariDataSource [main] HikariPool-1 - Starting...
2023-04-02 00:02:05,402 INFO com.zaxxer.hikari.pool.PoolBase [main] HikariPool-1 - Driver does not support get/set network timeout for connections. (com.mysql.jdbc.JDBC4Connection.getNetworkTimeout()I)
2023-04-02 00:02:05,405 INFO com.zaxxer.hikari.HikariDataSource [main] HikariPool-1 - Start completed.
2023-04-02 00:02:05,485 INFO org.hibernate.jpa.internal.util.LogHelper [main] HHH000204: Processing PersistenceUnitInfo [name: default]
2023-04-02 00:02:05,521 INFO org.hibernate.Version [main] HHH000412: Hibernate ORM core version 5.4.32.Final
2023-04-02 00:02:05,613 INFO org.hibernate.annotations.common.reflection.java.JavaReflectionManager [main] HCANN000001: Hibernate Commons Annotations {5.1.2.Final}
2023-04-02 00:02:05,686 INFO org.hibernate.dialect.Dialect [main] HHH000400: Using dialect: org.hibernate.dialect.MySQL57Dialect
2023-04-02 00:02:06,098 INFO org.hibernate.engine.transaction.jta.platform.internal.JtaPlatformInitiator [main] HHH000490: Using JtaPlatform implementation: [org.hibernate.engine.transaction.jta.platform.internal.NoJtaPlatform]
2023-04-02 00:02:06,105 INFO org.springframework.orm.jpa.AbstractEntityManagerFactoryBean [main] Initialized JPA EntityManagerFactory for persistence unit 'default'
2023-04-02 00:02:06,446 WARN org.springframework.boot.autoconfigure.orm.jpa.JpaBaseConfiguration$JpaWebConfiguration [main] spring.jpa.open-in-view is enabled by default. Therefore, database queries may be performed during view rendering. Explicitly configure spring.jpa.open-in-view to disable this warning
2023-04-02 00:02:06,524 DEBUG org.springframework.web.servlet.handler.AbstractHandlerMethodMapping [main] 12 mappings in 'requestMappingHandlerMapping'
2023-04-02 00:02:06,686 DEBUG org.springframework.web.servlet.mvc.method.annotation.RequestMappingHandlerAdapter [main] ControllerAdvice beans: 0 @ModelAttribute, 0 @InitBinder, 1 RequestBodyAdvice, 1 ResponseBodyAdvice
2023-04-02 00:02:06,725 DEBUG org.springframework.web.servlet.handler.SimpleUrlHandlerMapping [main] Patterns [/swagger-ui/] in 'viewControllerHandlerMapping'
2023-04-02 00:02:06,739 DEBUG org.springframework.web.servlet.handler.SimpleUrlHandlerMapping [main] Patterns [/webjars/**, /**, /swagger-ui/**] in 'resourceHandlerMapping'
2023-04-02 00:02:06,744 DEBUG org.springframework.web.servlet.mvc.method.annotation.ExceptionHandlerExceptionResolver [main] ControllerAdvice beans: 0 @ExceptionHandler, 1 ResponseBodyAdvice
2023-04-02 00:02:06,875 INFO org.apache.juli.logging.DirectJDKLog [main] Starting ProtocolHandler ["http-nio-8082"]
2023-04-02 00:02:06,891 INFO org.springframework.boot.web.embedded.tomcat.TomcatWebServer [main] Tomcat started on port(s): 8082 (http) with context path ''
2023-04-02 00:02:07,058 INFO org.springframework.boot.StartupInfoLogger [main] Started Demarage in 3.512 seconds (JVM running for 3.922)
2023-04-02 00:02:07,060 INFO ma.pfe.Demarage [main] Access URLs:
----------------------------------------------------------
	Local: 		http://127.0.0.1:8082/swagger-ui/#/
	External: 	http://172.26.224.1:8082/swagger-ui/#/
----------------------------------------------------------
2023-04-02 00:02:08,578 INFO org.apache.juli.logging.DirectJDKLog [http-nio-8082-exec-1] Initializing Spring DispatcherServlet 'dispatcherServlet'
2023-04-02 00:02:08,578 INFO org.springframework.web.servlet.FrameworkServlet [http-nio-8082-exec-1] Initializing Servlet 'dispatcherServlet'
2023-04-02 00:02:08,579 DEBUG org.springframework.web.servlet.DispatcherServlet [http-nio-8082-exec-1] Detected StandardServletMultipartResolver
2023-04-02 00:02:08,579 DEBUG org.springframework.web.servlet.DispatcherServlet [http-nio-8082-exec-1] Detected AcceptHeaderLocaleResolver
2023-04-02 00:02:08,579 DEBUG org.springframework.web.servlet.DispatcherServlet [http-nio-8082-exec-1] Detected FixedThemeResolver
2023-04-02 00:02:08,580 DEBUG org.springframework.web.servlet.DispatcherServlet [http-nio-8082-exec-1] Detected org.springframework.web.servlet.view.DefaultRequestToViewNameTranslator@4a944af9
2023-04-02 00:02:08,580 DEBUG org.springframework.web.servlet.DispatcherServlet [http-nio-8082-exec-1] Detected org.springframework.web.servlet.support.SessionFlashMapManager@fd5689d
2023-04-02 00:02:08,580 DEBUG org.springframework.web.servlet.FrameworkServlet [http-nio-8082-exec-1] enableLoggingRequestDetails='false': request parameters and headers will be masked to prevent unsafe logging of potentially sensitive data
2023-04-02 00:02:08,580 INFO org.springframework.web.servlet.FrameworkServlet [http-nio-8082-exec-1] Completed initialization in 1 ms
2023-04-02 00:02:08,588 DEBUG org.springframework.core.log.LogFormatUtils [http-nio-8082-exec-1] GET "/swagger-resources/configuration/ui", parameters={}
2023-04-02 00:02:08,592 DEBUG org.springframework.web.servlet.handler.AbstractHandlerMapping [http-nio-8082-exec-1] Mapped to springfox.documentation.swagger.web.ApiResourceController#uiConfiguration()
2023-04-02 00:02:08,605 DEBUG org.springframework.web.servlet.mvc.method.annotation.AbstractMessageConverterMethodProcessor [http-nio-8082-exec-1] Using 'application/json', given [application/json] and supported [application/json]
2023-04-02 00:02:08,625 DEBUG org.springframework.core.log.LogFormatUtils [http-nio-8082-exec-1] Writing [springfox.documentation.swagger.web.UiConfiguration@239d76c4]
2023-04-02 00:02:08,638 DEBUG org.springframework.web.servlet.FrameworkServlet [http-nio-8082-exec-1] Completed 200 OK
2023-04-02 00:02:08,647 DEBUG org.springframework.core.log.LogFormatUtils [http-nio-8082-exec-2] GET "/swagger-resources/configuration/security", parameters={}
2023-04-02 00:02:08,648 DEBUG org.springframework.web.servlet.handler.AbstractHandlerMapping [http-nio-8082-exec-2] Mapped to springfox.documentation.swagger.web.ApiResourceController#securityConfiguration()
2023-04-02 00:02:08,648 DEBUG org.springframework.web.servlet.mvc.method.annotation.AbstractMessageConverterMethodProcessor [http-nio-8082-exec-2] Using 'application/json', given [application/json] and supported [application/json]
2023-04-02 00:02:08,650 DEBUG org.springframework.core.log.LogFormatUtils [http-nio-8082-exec-2] Writing [springfox.documentation.swagger.web.SecurityConfiguration@da121d1]
2023-04-02 00:02:08,651 DEBUG org.springframework.web.servlet.FrameworkServlet [http-nio-8082-exec-2] Completed 200 OK
2023-04-02 00:02:08,657 DEBUG org.springframework.core.log.LogFormatUtils [http-nio-8082-exec-3] GET "/swagger-resources", parameters={}
2023-04-02 00:02:08,658 DEBUG org.springframework.web.servlet.handler.AbstractHandlerMapping [http-nio-8082-exec-3] Mapped to springfox.documentation.swagger.web.ApiResourceController#swaggerResources()
2023-04-02 00:02:08,658 DEBUG org.springframework.web.servlet.mvc.method.annotation.AbstractMessageConverterMethodProcessor [http-nio-8082-exec-3] Using 'application/json', given [application/json] and supported [application/json]
2023-04-02 00:02:08,659 DEBUG org.springframework.core.log.LogFormatUtils [http-nio-8082-exec-3] Writing [[springfox.documentation.swagger.web.SwaggerResource@3918fc4b]]
2023-04-02 00:02:08,661 DEBUG org.springframework.web.servlet.FrameworkServlet [http-nio-8082-exec-3] Completed 200 OK
2023-04-02 00:02:08,687 DEBUG org.springframework.core.log.LogFormatUtils [http-nio-8082-exec-4] GET "/v2/api-docs", parameters={}
2023-04-02 00:02:08,687 DEBUG org.springframework.web.servlet.handler.AbstractHandlerMapping [http-nio-8082-exec-4] Mapped to springfox.documentation.swagger2.web.Swagger2ControllerWebMvc#getDocumentation(String, HttpServletRequest)
2023-04-02 00:02:08,755 DEBUG org.springframework.web.servlet.mvc.method.annotation.AbstractMessageConverterMethodProcessor [http-nio-8082-exec-4] Using 'application/json', given [application/json, */*] and supported [application/json, application/hal+json]
2023-04-02 00:02:08,757 DEBUG org.springframework.core.log.LogFormatUtils [http-nio-8082-exec-4] Writing [springfox.documentation.spring.web.json.Json@4999a275]
2023-04-02 00:02:08,758 DEBUG org.springframework.web.servlet.FrameworkServlet [http-nio-8082-exec-4] Completed 200 OK
2023-04-02 00:04:01,032 DEBUG org.springframework.core.log.LogFormatUtils [http-nio-8082-exec-6] GET "/swagger-resources/configuration/ui", parameters={}
2023-04-02 00:04:01,033 DEBUG org.springframework.web.servlet.handler.AbstractHandlerMapping [http-nio-8082-exec-6] Mapped to springfox.documentation.swagger.web.ApiResourceController#uiConfiguration()
2023-04-02 00:04:01,034 DEBUG org.springframework.web.servlet.mvc.method.annotation.AbstractMessageConverterMethodProcessor [http-nio-8082-exec-6] Using 'application/json', given [application/json] and supported [application/json]
2023-04-02 00:04:01,034 DEBUG org.springframework.core.log.LogFormatUtils [http-nio-8082-exec-6] Writing [springfox.documentation.swagger.web.UiConfiguration@239d76c4]
2023-04-02 00:04:01,035 DEBUG org.springframework.web.servlet.FrameworkServlet [http-nio-8082-exec-6] Completed 200 OK
2023-04-02 00:04:01,040 DEBUG org.springframework.core.log.LogFormatUtils [http-nio-8082-exec-7] GET "/swagger-resources/configuration/security", parameters={}
2023-04-02 00:04:01,041 DEBUG org.springframework.web.servlet.handler.AbstractHandlerMapping [http-nio-8082-exec-7] Mapped to springfox.documentation.swagger.web.ApiResourceController#securityConfiguration()
2023-04-02 00:04:01,041 DEBUG org.springframework.web.servlet.mvc.method.annotation.AbstractMessageConverterMethodProcessor [http-nio-8082-exec-7] Using 'application/json', given [application/json] and supported [application/json]
2023-04-02 00:04:01,042 DEBUG org.springframework.core.log.LogFormatUtils [http-nio-8082-exec-7] Writing [springfox.documentation.swagger.web.SecurityConfiguration@da121d1]
2023-04-02 00:04:01,042 DEBUG org.springframework.web.servlet.FrameworkServlet [http-nio-8082-exec-7] Completed 200 OK
2023-04-02 00:04:01,048 DEBUG org.springframework.core.log.LogFormatUtils [http-nio-8082-exec-8] GET "/swagger-resources", parameters={}
2023-04-02 00:04:01,049 DEBUG org.springframework.web.servlet.handler.AbstractHandlerMapping [http-nio-8082-exec-8] Mapped to springfox.documentation.swagger.web.ApiResourceController#swaggerResources()
2023-04-02 00:04:01,050 DEBUG org.springframework.web.servlet.mvc.method.annotation.AbstractMessageConverterMethodProcessor [http-nio-8082-exec-8] Using 'application/json', given [application/json] and supported [application/json]
2023-04-02 00:04:01,050 DEBUG org.springframework.core.log.LogFormatUtils [http-nio-8082-exec-8] Writing [[springfox.documentation.swagger.web.SwaggerResource@49849f6]]
2023-04-02 00:04:01,050 DEBUG org.springframework.web.servlet.FrameworkServlet [http-nio-8082-exec-8] Completed 200 OK
2023-04-02 00:04:01,074 DEBUG org.springframework.core.log.LogFormatUtils [http-nio-8082-exec-9] GET "/v2/api-docs", parameters={}
2023-04-02 00:04:01,075 DEBUG org.springframework.web.servlet.handler.AbstractHandlerMapping [http-nio-8082-exec-9] Mapped to springfox.documentation.swagger2.web.Swagger2ControllerWebMvc#getDocumentation(String, HttpServletRequest)
2023-04-02 00:04:01,081 DEBUG org.springframework.web.servlet.mvc.method.annotation.AbstractMessageConverterMethodProcessor [http-nio-8082-exec-9] Using 'application/json', given [application/json, */*] and supported [application/json, application/hal+json]
2023-04-02 00:04:01,082 DEBUG org.springframework.core.log.LogFormatUtils [http-nio-8082-exec-9] Writing [springfox.documentation.spring.web.json.Json@23f2beb1]
2023-04-02 00:04:01,083 DEBUG org.springframework.web.servlet.FrameworkServlet [http-nio-8082-exec-9] Completed 200 OK
2023-04-02 00:04:15,173 DEBUG org.springframework.core.log.LogFormatUtils [http-nio-8082-exec-10] POST "/Students", parameters={}
2023-04-02 00:04:15,174 DEBUG org.springframework.web.servlet.handler.AbstractHandlerMapping [http-nio-8082-exec-10] Mapped to ma.pfe.controllers.StudentController#save(StudentDTO)
2023-04-02 00:04:15,204 DEBUG org.springframework.core.log.LogFormatUtils [http-nio-8082-exec-10] Read "application/json;charset=UTF-8" to [StudentDTO{name='omar idrissi', studentId=StudentIdDTO{id=0, code='code1'}, adresse=AdresseDTO{rue=' (truncated)...]
2023-04-02 00:04:15,206 DEBUG ma.pfe.controllers.StudentController [http-nio-8082-exec-10] Start --> save 
2023-04-02 00:04:15,206 DEBUG ma.pfe.controllers.StudentController [http-nio-8082-exec-10] StudentDTO{name='omar idrissi', studentId=StudentIdDTO{id=0, code='code1'}, adresse=AdresseDTO{rue='test', avenue='test', number='test'}, courses=[CoursDTO{id=1, name='test1'}, CoursDTO{id=2, name='test1'}]}
2023-04-02 00:04:15,206 DEBUG ma.pfe.services.StudentService [http-nio-8082-exec-10] Start --> save in Service
2023-04-02 00:04:15,206 DEBUG ma.pfe.services.StudentService [http-nio-8082-exec-10] StudentDTO{name='omar idrissi', studentId=StudentIdDTO{id=0, code='code1'}, adresse=AdresseDTO{rue='test', avenue='test', number='test'}, courses=[CoursDTO{id=1, name='test1'}, CoursDTO{id=2, name='test1'}]}
2023-04-02 00:04:15,267 DEBUG ma.pfe.services.StudentService [http-nio-8082-exec-10] StudentEntity{studentId=StudentId{id=0, code='code1'}, adresse=Adresse{rue='test', avenue='test', number='test'}, name='omar idrissi', courses=null}
2023-04-02 00:04:15,269 DEBUG org.springframework.web.servlet.mvc.method.annotation.AbstractMessageConverterMethodProcessor [http-nio-8082-exec-10] Using 'application/json', given [*/*] and supported [application/json, application/*+json, application/json, application/*+json]
2023-04-02 00:04:15,269 DEBUG org.springframework.core.log.LogFormatUtils [http-nio-8082-exec-10] Writing [0]
2023-04-02 00:04:15,270 DEBUG org.springframework.web.servlet.FrameworkServlet [http-nio-8082-exec-10] Completed 200 OK
2023-04-02 00:07:07,454 INFO org.springframework.orm.jpa.AbstractEntityManagerFactoryBean [SpringApplicationShutdownHook] Closing JPA EntityManagerFactory for persistence unit 'default'
2023-04-02 00:07:07,455 INFO com.zaxxer.hikari.HikariDataSource [SpringApplicationShutdownHook] HikariPool-1 - Shutdown initiated...
2023-04-02 00:07:07,458 INFO com.zaxxer.hikari.HikariDataSource [SpringApplicationShutdownHook] HikariPool-1 - Shutdown completed.
2023-04-02 00:07:10,169 INFO org.springframework.boot.StartupInfoLogger [main] Starting Demarage using Java 1.8.0_362 on DESKTOP-VLQJ05K with PID 2248 (C:\Users\idris\OneDrive\Bureau\git\TPComponentsSpringIOC\target\classes started by idris in C:\Users\idris\OneDrive\Bureau\git\TPComponentsSpringIOC)
2023-04-02 00:07:10,171 DEBUG org.springframework.boot.StartupInfoLogger [main] Running with Spring Boot v2.5.1, Spring v5.3.8
2023-04-02 00:07:10,171 INFO org.springframework.boot.SpringApplication [main] The following profiles are active: local
2023-04-02 00:07:10,782 INFO org.springframework.data.repository.config.RepositoryConfigurationDelegate [main] Bootstrapping Spring Data JPA repositories in DEFAULT mode.
2023-04-02 00:07:10,834 INFO org.springframework.data.repository.config.RepositoryConfigurationDelegate [main] Finished Spring Data repository scanning in 42 ms. Found 1 JPA repository interfaces.
2023-04-02 00:07:11,460 INFO org.springframework.boot.web.embedded.tomcat.TomcatWebServer [main] Tomcat initialized with port(s): 8082 (http)
2023-04-02 00:07:11,471 INFO org.apache.juli.logging.DirectJDKLog [main] Initializing ProtocolHandler ["http-nio-8082"]
2023-04-02 00:07:11,472 INFO org.apache.juli.logging.DirectJDKLog [main] Starting service [Tomcat]
2023-04-02 00:07:11,472 INFO org.apache.juli.logging.DirectJDKLog [main] Starting Servlet engine: [Apache Tomcat/9.0.46]
2023-04-02 00:07:11,552 INFO org.apache.juli.logging.DirectJDKLog [main] Initializing Spring embedded WebApplicationContext
2023-04-02 00:07:11,553 INFO org.springframework.boot.web.servlet.context.ServletWebServerApplicationContext [main] Root WebApplicationContext: initialization completed in 1352 ms
2023-04-02 00:07:11,697 INFO com.zaxxer.hikari.HikariDataSource [main] HikariPool-1 - Starting...
2023-04-02 00:07:11,851 INFO com.zaxxer.hikari.pool.PoolBase [main] HikariPool-1 - Driver does not support get/set network timeout for connections. (com.mysql.jdbc.JDBC4Connection.getNetworkTimeout()I)
2023-04-02 00:07:11,854 INFO com.zaxxer.hikari.HikariDataSource [main] HikariPool-1 - Start completed.
2023-04-02 00:07:11,941 INFO org.hibernate.jpa.internal.util.LogHelper [main] HHH000204: Processing PersistenceUnitInfo [name: default]
2023-04-02 00:07:11,985 INFO org.hibernate.Version [main] HHH000412: Hibernate ORM core version 5.4.32.Final
2023-04-02 00:07:12,100 INFO org.hibernate.annotations.common.reflection.java.JavaReflectionManager [main] HCANN000001: Hibernate Commons Annotations {5.1.2.Final}
2023-04-02 00:07:12,181 INFO org.hibernate.dialect.Dialect [main] HHH000400: Using dialect: org.hibernate.dialect.MySQL57Dialect
2023-04-02 00:07:12,645 INFO org.hibernate.engine.transaction.jta.platform.internal.JtaPlatformInitiator [main] HHH000490: Using JtaPlatform implementation: [org.hibernate.engine.transaction.jta.platform.internal.NoJtaPlatform]
2023-04-02 00:07:12,654 INFO org.springframework.orm.jpa.AbstractEntityManagerFactoryBean [main] Initialized JPA EntityManagerFactory for persistence unit 'default'
2023-04-02 00:07:12,960 WARN org.springframework.boot.autoconfigure.orm.jpa.JpaBaseConfiguration$JpaWebConfiguration [main] spring.jpa.open-in-view is enabled by default. Therefore, database queries may be performed during view rendering. Explicitly configure spring.jpa.open-in-view to disable this warning
2023-04-02 00:07:13,064 DEBUG org.springframework.web.servlet.handler.AbstractHandlerMethodMapping [main] 12 mappings in 'requestMappingHandlerMapping'
2023-04-02 00:07:13,245 DEBUG org.springframework.web.servlet.mvc.method.annotation.RequestMappingHandlerAdapter [main] ControllerAdvice beans: 0 @ModelAttribute, 0 @InitBinder, 1 RequestBodyAdvice, 1 ResponseBodyAdvice
2023-04-02 00:07:13,289 DEBUG org.springframework.web.servlet.handler.SimpleUrlHandlerMapping [main] Patterns [/swagger-ui/] in 'viewControllerHandlerMapping'
2023-04-02 00:07:13,308 DEBUG org.springframework.web.servlet.handler.SimpleUrlHandlerMapping [main] Patterns [/webjars/**, /**, /swagger-ui/**] in 'resourceHandlerMapping'
2023-04-02 00:07:13,313 DEBUG org.springframework.web.servlet.mvc.method.annotation.ExceptionHandlerExceptionResolver [main] ControllerAdvice beans: 0 @ExceptionHandler, 1 ResponseBodyAdvice
2023-04-02 00:07:13,460 INFO org.apache.juli.logging.DirectJDKLog [main] Starting ProtocolHandler ["http-nio-8082"]
2023-04-02 00:07:13,479 INFO org.springframework.boot.web.embedded.tomcat.TomcatWebServer [main] Tomcat started on port(s): 8082 (http) with context path ''
2023-04-02 00:07:13,644 INFO org.springframework.boot.StartupInfoLogger [main] Started Demarage in 3.799 seconds (JVM running for 4.178)
2023-04-02 00:07:13,646 INFO ma.pfe.Demarage [main] Access URLs:
----------------------------------------------------------
	Local: 		http://127.0.0.1:8082/swagger-ui/#/
	External: 	http://172.26.224.1:8082/swagger-ui/#/
----------------------------------------------------------
2023-04-02 00:07:35,905 INFO org.apache.juli.logging.DirectJDKLog [http-nio-8082-exec-1] Initializing Spring DispatcherServlet 'dispatcherServlet'
2023-04-02 00:07:35,905 INFO org.springframework.web.servlet.FrameworkServlet [http-nio-8082-exec-1] Initializing Servlet 'dispatcherServlet'
2023-04-02 00:07:35,906 DEBUG org.springframework.web.servlet.DispatcherServlet [http-nio-8082-exec-1] Detected StandardServletMultipartResolver
2023-04-02 00:07:35,906 DEBUG org.springframework.web.servlet.DispatcherServlet [http-nio-8082-exec-1] Detected AcceptHeaderLocaleResolver
2023-04-02 00:07:35,906 DEBUG org.springframework.web.servlet.DispatcherServlet [http-nio-8082-exec-1] Detected FixedThemeResolver
2023-04-02 00:07:35,907 DEBUG org.springframework.web.servlet.DispatcherServlet [http-nio-8082-exec-1] Detected org.springframework.web.servlet.view.DefaultRequestToViewNameTranslator@4a944af9
2023-04-02 00:07:35,907 DEBUG org.springframework.web.servlet.DispatcherServlet [http-nio-8082-exec-1] Detected org.springframework.web.servlet.support.SessionFlashMapManager@fd5689d
2023-04-02 00:07:35,907 DEBUG org.springframework.web.servlet.FrameworkServlet [http-nio-8082-exec-1] enableLoggingRequestDetails='false': request parameters and headers will be masked to prevent unsafe logging of potentially sensitive data
2023-04-02 00:07:35,907 INFO org.springframework.web.servlet.FrameworkServlet [http-nio-8082-exec-1] Completed initialization in 1 ms
2023-04-02 00:07:35,915 DEBUG org.springframework.core.log.LogFormatUtils [http-nio-8082-exec-1] GET "/swagger-resources/configuration/ui", parameters={}
2023-04-02 00:07:35,918 DEBUG org.springframework.web.servlet.handler.AbstractHandlerMapping [http-nio-8082-exec-1] Mapped to springfox.documentation.swagger.web.ApiResourceController#uiConfiguration()
2023-04-02 00:07:35,930 DEBUG org.springframework.web.servlet.mvc.method.annotation.AbstractMessageConverterMethodProcessor [http-nio-8082-exec-1] Using 'application/json', given [application/json] and supported [application/json]
2023-04-02 00:07:35,948 DEBUG org.springframework.core.log.LogFormatUtils [http-nio-8082-exec-1] Writing [springfox.documentation.swagger.web.UiConfiguration@32e5eda8]
2023-04-02 00:07:35,960 DEBUG org.springframework.web.servlet.FrameworkServlet [http-nio-8082-exec-1] Completed 200 OK
2023-04-02 00:07:35,966 DEBUG org.springframework.core.log.LogFormatUtils [http-nio-8082-exec-2] GET "/swagger-resources/configuration/security", parameters={}
2023-04-02 00:07:35,967 DEBUG org.springframework.web.servlet.handler.AbstractHandlerMapping [http-nio-8082-exec-2] Mapped to springfox.documentation.swagger.web.ApiResourceController#securityConfiguration()
2023-04-02 00:07:35,967 DEBUG org.springframework.web.servlet.mvc.method.annotation.AbstractMessageConverterMethodProcessor [http-nio-8082-exec-2] Using 'application/json', given [application/json] and supported [application/json]
2023-04-02 00:07:35,970 DEBUG org.springframework.core.log.LogFormatUtils [http-nio-8082-exec-2] Writing [springfox.documentation.swagger.web.SecurityConfiguration@13ecd957]
2023-04-02 00:07:35,971 DEBUG org.springframework.web.servlet.FrameworkServlet [http-nio-8082-exec-2] Completed 200 OK
2023-04-02 00:07:35,975 DEBUG org.springframework.core.log.LogFormatUtils [http-nio-8082-exec-3] GET "/swagger-resources", parameters={}
2023-04-02 00:07:35,975 DEBUG org.springframework.web.servlet.handler.AbstractHandlerMapping [http-nio-8082-exec-3] Mapped to springfox.documentation.swagger.web.ApiResourceController#swaggerResources()
2023-04-02 00:07:35,975 DEBUG org.springframework.web.servlet.mvc.method.annotation.AbstractMessageConverterMethodProcessor [http-nio-8082-exec-3] Using 'application/json', given [application/json] and supported [application/json]
2023-04-02 00:07:35,976 DEBUG org.springframework.core.log.LogFormatUtils [http-nio-8082-exec-3] Writing [[springfox.documentation.swagger.web.SwaggerResource@3434c5c6]]
2023-04-02 00:07:35,978 DEBUG org.springframework.web.servlet.FrameworkServlet [http-nio-8082-exec-3] Completed 200 OK
2023-04-02 00:07:36,001 DEBUG org.springframework.core.log.LogFormatUtils [http-nio-8082-exec-4] GET "/v2/api-docs", parameters={}
2023-04-02 00:07:36,001 DEBUG org.springframework.web.servlet.handler.AbstractHandlerMapping [http-nio-8082-exec-4] Mapped to springfox.documentation.swagger2.web.Swagger2ControllerWebMvc#getDocumentation(String, HttpServletRequest)
2023-04-02 00:07:36,068 DEBUG org.springframework.web.servlet.mvc.method.annotation.AbstractMessageConverterMethodProcessor [http-nio-8082-exec-4] Using 'application/json', given [application/json, */*] and supported [application/json, application/hal+json]
2023-04-02 00:07:36,069 DEBUG org.springframework.core.log.LogFormatUtils [http-nio-8082-exec-4] Writing [springfox.documentation.spring.web.json.Json@162901c]
2023-04-02 00:07:36,070 DEBUG org.springframework.web.servlet.FrameworkServlet [http-nio-8082-exec-4] Completed 200 OK
2023-04-02 00:08:05,037 DEBUG org.springframework.core.log.LogFormatUtils [http-nio-8082-exec-5] POST "/Students", parameters={}
2023-04-02 00:08:05,038 DEBUG org.springframework.web.servlet.handler.AbstractHandlerMapping [http-nio-8082-exec-5] Mapped to ma.pfe.controllers.StudentController#save(StudentDTO)
2023-04-02 00:08:05,068 DEBUG org.springframework.core.log.LogFormatUtils [http-nio-8082-exec-5] Read "application/json;charset=UTF-8" to [StudentDTO{name='omar idrissi', studentId=StudentIdDTO{id=0, code='code1'}, adresse=AdresseDTO{rue=' (truncated)...]
2023-04-02 00:08:05,070 DEBUG ma.pfe.controllers.StudentController [http-nio-8082-exec-5] Start --> save 
2023-04-02 00:08:05,070 DEBUG ma.pfe.controllers.StudentController [http-nio-8082-exec-5] StudentDTO{name='omar idrissi', studentId=StudentIdDTO{id=0, code='code1'}, adresse=AdresseDTO{rue='test', avenue='test', number='test'}, courses=[CoursDTO{id=1, name='test1'}, CoursDTO{id=2, name='test1'}]}
2023-04-02 00:08:05,070 DEBUG ma.pfe.services.StudentService [http-nio-8082-exec-5] Start --> save in Service
2023-04-02 00:08:05,070 DEBUG ma.pfe.services.StudentService [http-nio-8082-exec-5] ==================================
2023-04-02 00:08:05,070 DEBUG ma.pfe.services.StudentService [http-nio-8082-exec-5] StudentDTO{name='omar idrissi', studentId=StudentIdDTO{id=0, code='code1'}, adresse=AdresseDTO{rue='test', avenue='test', number='test'}, courses=[CoursDTO{id=1, name='test1'}, CoursDTO{id=2, name='test1'}]}
2023-04-02 00:08:05,071 DEBUG ma.pfe.services.StudentService [http-nio-8082-exec-5] ==================================
2023-04-02 00:08:05,071 DEBUG ma.pfe.services.StudentService [http-nio-8082-exec-5] StudentEntity{studentId=StudentId{id=0, code='code1'}, adresse=Adresse{rue='test', avenue='test', number='test'}, name='omar idrissi', courses=null}
2023-04-02 00:08:05,071 DEBUG ma.pfe.services.StudentService [http-nio-8082-exec-5] ==================================
2023-04-02 00:08:05,134 DEBUG ma.pfe.services.StudentService [http-nio-8082-exec-5] StudentEntity{studentId=StudentId{id=0, code='code1'}, adresse=Adresse{rue='test', avenue='test', number='test'}, name='omar idrissi', courses=null}
2023-04-02 00:08:05,135 DEBUG org.springframework.web.servlet.mvc.method.annotation.AbstractMessageConverterMethodProcessor [http-nio-8082-exec-5] Using 'application/json', given [*/*] and supported [application/json, application/*+json, application/json, application/*+json]
2023-04-02 00:08:05,136 DEBUG org.springframework.core.log.LogFormatUtils [http-nio-8082-exec-5] Writing [0]
2023-04-02 00:08:05,137 DEBUG org.springframework.web.servlet.FrameworkServlet [http-nio-8082-exec-5] Completed 200 OK
2023-04-02 00:12:33,904 INFO org.springframework.orm.jpa.AbstractEntityManagerFactoryBean [SpringApplicationShutdownHook] Closing JPA EntityManagerFactory for persistence unit 'default'
2023-04-02 00:12:33,906 INFO com.zaxxer.hikari.HikariDataSource [SpringApplicationShutdownHook] HikariPool-1 - Shutdown initiated...
2023-04-02 00:12:33,908 INFO com.zaxxer.hikari.HikariDataSource [SpringApplicationShutdownHook] HikariPool-1 - Shutdown completed.
2023-04-02 00:12:37,754 INFO org.springframework.boot.StartupInfoLogger [main] Starting Demarage using Java 1.8.0_362 on DESKTOP-VLQJ05K with PID 13936 (C:\Users\idris\OneDrive\Bureau\git\TPComponentsSpringIOC\target\classes started by idris in C:\Users\idris\OneDrive\Bureau\git\TPComponentsSpringIOC)
2023-04-02 00:12:37,756 DEBUG org.springframework.boot.StartupInfoLogger [main] Running with Spring Boot v2.5.1, Spring v5.3.8
2023-04-02 00:12:37,756 INFO org.springframework.boot.SpringApplication [main] The following profiles are active: local
2023-04-02 00:12:38,308 INFO org.springframework.data.repository.config.RepositoryConfigurationDelegate [main] Bootstrapping Spring Data JPA repositories in DEFAULT mode.
2023-04-02 00:12:38,347 INFO org.springframework.data.repository.config.RepositoryConfigurationDelegate [main] Finished Spring Data repository scanning in 32 ms. Found 1 JPA repository interfaces.
2023-04-02 00:12:38,900 INFO org.springframework.boot.web.embedded.tomcat.TomcatWebServer [main] Tomcat initialized with port(s): 8082 (http)
2023-04-02 00:12:38,907 INFO org.apache.juli.logging.DirectJDKLog [main] Initializing ProtocolHandler ["http-nio-8082"]
2023-04-02 00:12:38,908 INFO org.apache.juli.logging.DirectJDKLog [main] Starting service [Tomcat]
2023-04-02 00:12:38,908 INFO org.apache.juli.logging.DirectJDKLog [main] Starting Servlet engine: [Apache Tomcat/9.0.46]
2023-04-02 00:12:38,966 INFO org.apache.juli.logging.DirectJDKLog [main] Initializing Spring embedded WebApplicationContext
2023-04-02 00:12:38,966 INFO org.springframework.boot.web.servlet.context.ServletWebServerApplicationContext [main] Root WebApplicationContext: initialization completed in 1177 ms
2023-04-02 00:12:39,063 INFO com.zaxxer.hikari.HikariDataSource [main] HikariPool-1 - Starting...
2023-04-02 00:12:39,186 INFO com.zaxxer.hikari.pool.PoolBase [main] HikariPool-1 - Driver does not support get/set network timeout for connections. (com.mysql.jdbc.JDBC4Connection.getNetworkTimeout()I)
2023-04-02 00:12:39,189 INFO com.zaxxer.hikari.HikariDataSource [main] HikariPool-1 - Start completed.
2023-04-02 00:12:39,268 INFO org.hibernate.jpa.internal.util.LogHelper [main] HHH000204: Processing PersistenceUnitInfo [name: default]
2023-04-02 00:12:39,305 INFO org.hibernate.Version [main] HHH000412: Hibernate ORM core version 5.4.32.Final
2023-04-02 00:12:39,397 INFO org.hibernate.annotations.common.reflection.java.JavaReflectionManager [main] HCANN000001: Hibernate Commons Annotations {5.1.2.Final}
2023-04-02 00:12:39,469 INFO org.hibernate.dialect.Dialect [main] HHH000400: Using dialect: org.hibernate.dialect.MySQL57Dialect
2023-04-02 00:12:39,891 INFO org.hibernate.engine.transaction.jta.platform.internal.JtaPlatformInitiator [main] HHH000490: Using JtaPlatform implementation: [org.hibernate.engine.transaction.jta.platform.internal.NoJtaPlatform]
2023-04-02 00:12:39,897 INFO org.springframework.orm.jpa.AbstractEntityManagerFactoryBean [main] Initialized JPA EntityManagerFactory for persistence unit 'default'
2023-04-02 00:12:40,228 WARN org.springframework.boot.autoconfigure.orm.jpa.JpaBaseConfiguration$JpaWebConfiguration [main] spring.jpa.open-in-view is enabled by default. Therefore, database queries may be performed during view rendering. Explicitly configure spring.jpa.open-in-view to disable this warning
2023-04-02 00:12:40,313 DEBUG org.springframework.web.servlet.handler.AbstractHandlerMethodMapping [main] 12 mappings in 'requestMappingHandlerMapping'
2023-04-02 00:12:40,467 DEBUG org.springframework.web.servlet.mvc.method.annotation.RequestMappingHandlerAdapter [main] ControllerAdvice beans: 0 @ModelAttribute, 0 @InitBinder, 1 RequestBodyAdvice, 1 ResponseBodyAdvice
2023-04-02 00:12:40,506 DEBUG org.springframework.web.servlet.handler.SimpleUrlHandlerMapping [main] Patterns [/swagger-ui/] in 'viewControllerHandlerMapping'
2023-04-02 00:12:40,526 DEBUG org.springframework.web.servlet.handler.SimpleUrlHandlerMapping [main] Patterns [/webjars/**, /**, /swagger-ui/**] in 'resourceHandlerMapping'
2023-04-02 00:12:40,532 DEBUG org.springframework.web.servlet.mvc.method.annotation.ExceptionHandlerExceptionResolver [main] ControllerAdvice beans: 0 @ExceptionHandler, 1 ResponseBodyAdvice
2023-04-02 00:12:40,690 INFO org.apache.juli.logging.DirectJDKLog [main] Starting ProtocolHandler ["http-nio-8082"]
2023-04-02 00:12:40,714 INFO org.springframework.boot.web.embedded.tomcat.TomcatWebServer [main] Tomcat started on port(s): 8082 (http) with context path ''
2023-04-02 00:12:40,880 INFO org.springframework.boot.StartupInfoLogger [main] Started Demarage in 3.439 seconds (JVM running for 3.824)
2023-04-02 00:12:40,882 INFO ma.pfe.Demarage [main] Access URLs:
----------------------------------------------------------
	Local: 		http://127.0.0.1:8082/swagger-ui/#/
	External: 	http://172.26.224.1:8082/swagger-ui/#/
----------------------------------------------------------
2023-04-02 00:13:10,180 INFO org.apache.juli.logging.DirectJDKLog [http-nio-8082-exec-1] Initializing Spring DispatcherServlet 'dispatcherServlet'
2023-04-02 00:13:10,180 INFO org.springframework.web.servlet.FrameworkServlet [http-nio-8082-exec-1] Initializing Servlet 'dispatcherServlet'
2023-04-02 00:13:10,180 DEBUG org.springframework.web.servlet.DispatcherServlet [http-nio-8082-exec-1] Detected StandardServletMultipartResolver
2023-04-02 00:13:10,181 DEBUG org.springframework.web.servlet.DispatcherServlet [http-nio-8082-exec-1] Detected AcceptHeaderLocaleResolver
2023-04-02 00:13:10,181 DEBUG org.springframework.web.servlet.DispatcherServlet [http-nio-8082-exec-1] Detected FixedThemeResolver
2023-04-02 00:13:10,181 DEBUG org.springframework.web.servlet.DispatcherServlet [http-nio-8082-exec-1] Detected org.springframework.web.servlet.view.DefaultRequestToViewNameTranslator@68df8c6
2023-04-02 00:13:10,182 DEBUG org.springframework.web.servlet.DispatcherServlet [http-nio-8082-exec-1] Detected org.springframework.web.servlet.support.SessionFlashMapManager@1ff542a3
2023-04-02 00:13:10,182 DEBUG org.springframework.web.servlet.FrameworkServlet [http-nio-8082-exec-1] enableLoggingRequestDetails='false': request parameters and headers will be masked to prevent unsafe logging of potentially sensitive data
2023-04-02 00:13:10,182 INFO org.springframework.web.servlet.FrameworkServlet [http-nio-8082-exec-1] Completed initialization in 2 ms
2023-04-02 00:13:10,189 DEBUG org.springframework.core.log.LogFormatUtils [http-nio-8082-exec-1] GET "/swagger-resources/configuration/ui", parameters={}
2023-04-02 00:13:10,193 DEBUG org.springframework.web.servlet.handler.AbstractHandlerMapping [http-nio-8082-exec-1] Mapped to springfox.documentation.swagger.web.ApiResourceController#uiConfiguration()
2023-04-02 00:13:10,205 DEBUG org.springframework.web.servlet.mvc.method.annotation.AbstractMessageConverterMethodProcessor [http-nio-8082-exec-1] Using 'application/json', given [application/json] and supported [application/json]
2023-04-02 00:13:10,222 DEBUG org.springframework.core.log.LogFormatUtils [http-nio-8082-exec-1] Writing [springfox.documentation.swagger.web.UiConfiguration@38c9c9f0]
2023-04-02 00:13:10,234 DEBUG org.springframework.web.servlet.FrameworkServlet [http-nio-8082-exec-1] Completed 200 OK
2023-04-02 00:13:10,240 DEBUG org.springframework.core.log.LogFormatUtils [http-nio-8082-exec-3] GET "/swagger-resources/configuration/security", parameters={}
2023-04-02 00:13:10,241 DEBUG org.springframework.web.servlet.handler.AbstractHandlerMapping [http-nio-8082-exec-3] Mapped to springfox.documentation.swagger.web.ApiResourceController#securityConfiguration()
2023-04-02 00:13:10,241 DEBUG org.springframework.web.servlet.mvc.method.annotation.AbstractMessageConverterMethodProcessor [http-nio-8082-exec-3] Using 'application/json', given [application/json] and supported [application/json]
2023-04-02 00:13:10,244 DEBUG org.springframework.core.log.LogFormatUtils [http-nio-8082-exec-3] Writing [springfox.documentation.swagger.web.SecurityConfiguration@5ae53bfc]
2023-04-02 00:13:10,244 DEBUG org.springframework.web.servlet.FrameworkServlet [http-nio-8082-exec-3] Completed 200 OK
2023-04-02 00:13:10,249 DEBUG org.springframework.core.log.LogFormatUtils [http-nio-8082-exec-2] GET "/swagger-resources", parameters={}
2023-04-02 00:13:10,249 DEBUG org.springframework.web.servlet.handler.AbstractHandlerMapping [http-nio-8082-exec-2] Mapped to springfox.documentation.swagger.web.ApiResourceController#swaggerResources()
2023-04-02 00:13:10,250 DEBUG org.springframework.web.servlet.mvc.method.annotation.AbstractMessageConverterMethodProcessor [http-nio-8082-exec-2] Using 'application/json', given [application/json] and supported [application/json]
2023-04-02 00:13:10,251 DEBUG org.springframework.core.log.LogFormatUtils [http-nio-8082-exec-2] Writing [[springfox.documentation.swagger.web.SwaggerResource@30508b38]]
2023-04-02 00:13:10,252 DEBUG org.springframework.web.servlet.FrameworkServlet [http-nio-8082-exec-2] Completed 200 OK
2023-04-02 00:13:10,274 DEBUG org.springframework.core.log.LogFormatUtils [http-nio-8082-exec-4] GET "/v2/api-docs", parameters={}
2023-04-02 00:13:10,275 DEBUG org.springframework.web.servlet.handler.AbstractHandlerMapping [http-nio-8082-exec-4] Mapped to springfox.documentation.swagger2.web.Swagger2ControllerWebMvc#getDocumentation(String, HttpServletRequest)
2023-04-02 00:13:10,345 DEBUG org.springframework.web.servlet.mvc.method.annotation.AbstractMessageConverterMethodProcessor [http-nio-8082-exec-4] Using 'application/json', given [application/json, */*] and supported [application/json, application/hal+json]
2023-04-02 00:13:10,347 DEBUG org.springframework.core.log.LogFormatUtils [http-nio-8082-exec-4] Writing [springfox.documentation.spring.web.json.Json@65db38d8]
2023-04-02 00:13:10,348 DEBUG org.springframework.web.servlet.FrameworkServlet [http-nio-8082-exec-4] Completed 200 OK
2023-04-02 00:13:40,604 DEBUG org.springframework.core.log.LogFormatUtils [http-nio-8082-exec-5] POST "/Students", parameters={}
2023-04-02 00:13:40,604 DEBUG org.springframework.web.servlet.handler.AbstractHandlerMapping [http-nio-8082-exec-5] Mapped to ma.pfe.controllers.StudentController#save(StudentDTO)
2023-04-02 00:13:40,636 DEBUG org.springframework.core.log.LogFormatUtils [http-nio-8082-exec-5] Read "application/json;charset=UTF-8" to [StudentDTO{name='omar idrissi', studentId=StudentIdDTO{id=0, code='code1'}, adresse=AdresseDTO{rue=' (truncated)...]
2023-04-02 00:13:40,638 DEBUG ma.pfe.controllers.StudentController [http-nio-8082-exec-5] Start --> save 
2023-04-02 00:13:40,638 DEBUG ma.pfe.controllers.StudentController [http-nio-8082-exec-5] StudentDTO{name='omar idrissi', studentId=StudentIdDTO{id=0, code='code1'}, adresse=AdresseDTO{rue='test', avenue='test', number='test'}, courses=[CoursDTO{id=1, name='test1'}, CoursDTO{id=2, name='test1'}]}
2023-04-02 00:13:40,638 DEBUG ma.pfe.services.StudentService [http-nio-8082-exec-5] Start --> save in Service
2023-04-02 00:13:40,638 DEBUG ma.pfe.services.StudentService [http-nio-8082-exec-5] ==================================
2023-04-02 00:13:40,639 DEBUG ma.pfe.services.StudentService [http-nio-8082-exec-5] StudentDTO{name='omar idrissi', studentId=StudentIdDTO{id=0, code='code1'}, adresse=AdresseDTO{rue='test', avenue='test', number='test'}, courses=[CoursDTO{id=1, name='test1'}, CoursDTO{id=2, name='test1'}]}
2023-04-02 00:13:40,639 DEBUG ma.pfe.services.StudentService [http-nio-8082-exec-5] ==================================
2023-04-02 00:13:40,639 DEBUG ma.pfe.services.StudentService [http-nio-8082-exec-5] StudentEntity{studentId=StudentId{id=0, code='code1'}, adresse=Adresse{rue='test', avenue='test', number='test'}, name='omar idrissi', courses=null}
2023-04-02 00:13:40,639 DEBUG ma.pfe.services.StudentService [http-nio-8082-exec-5] ==================================
2023-04-02 00:13:40,702 DEBUG ma.pfe.services.StudentService [http-nio-8082-exec-5] StudentEntity{studentId=StudentId{id=0, code='code1'}, adresse=Adresse{rue='test', avenue='test', number='test'}, name='omar idrissi', courses=null}
2023-04-02 00:13:40,704 DEBUG org.springframework.web.servlet.mvc.method.annotation.AbstractMessageConverterMethodProcessor [http-nio-8082-exec-5] Using 'application/json', given [*/*] and supported [application/json, application/*+json, application/json, application/*+json]
2023-04-02 00:13:40,704 DEBUG org.springframework.core.log.LogFormatUtils [http-nio-8082-exec-5] Writing [0]
2023-04-02 00:13:40,705 DEBUG org.springframework.web.servlet.FrameworkServlet [http-nio-8082-exec-5] Completed 200 OK
2023-04-02 00:17:20,830 INFO org.springframework.orm.jpa.AbstractEntityManagerFactoryBean [SpringApplicationShutdownHook] Closing JPA EntityManagerFactory for persistence unit 'default'
2023-04-02 00:17:20,831 INFO com.zaxxer.hikari.HikariDataSource [SpringApplicationShutdownHook] HikariPool-1 - Shutdown initiated...
2023-04-02 00:17:20,834 INFO com.zaxxer.hikari.HikariDataSource [SpringApplicationShutdownHook] HikariPool-1 - Shutdown completed.
2023-04-02 00:17:23,500 INFO org.springframework.boot.StartupInfoLogger [main] Starting Demarage using Java 1.8.0_362 on DESKTOP-VLQJ05K with PID 18884 (C:\Users\idris\OneDrive\Bureau\git\TPComponentsSpringIOC\target\classes started by idris in C:\Users\idris\OneDrive\Bureau\git\TPComponentsSpringIOC)
2023-04-02 00:17:23,503 DEBUG org.springframework.boot.StartupInfoLogger [main] Running with Spring Boot v2.5.1, Spring v5.3.8
2023-04-02 00:17:23,503 INFO org.springframework.boot.SpringApplication [main] The following profiles are active: local
2023-04-02 00:17:24,059 INFO org.springframework.data.repository.config.RepositoryConfigurationDelegate [main] Bootstrapping Spring Data JPA repositories in DEFAULT mode.
2023-04-02 00:17:24,098 INFO org.springframework.data.repository.config.RepositoryConfigurationDelegate [main] Finished Spring Data repository scanning in 32 ms. Found 1 JPA repository interfaces.
2023-04-02 00:17:24,657 INFO org.springframework.boot.web.embedded.tomcat.TomcatWebServer [main] Tomcat initialized with port(s): 8082 (http)
2023-04-02 00:17:24,666 INFO org.apache.juli.logging.DirectJDKLog [main] Initializing ProtocolHandler ["http-nio-8082"]
2023-04-02 00:17:24,666 INFO org.apache.juli.logging.DirectJDKLog [main] Starting service [Tomcat]
2023-04-02 00:17:24,667 INFO org.apache.juli.logging.DirectJDKLog [main] Starting Servlet engine: [Apache Tomcat/9.0.46]
2023-04-02 00:17:24,728 INFO org.apache.juli.logging.DirectJDKLog [main] Initializing Spring embedded WebApplicationContext
2023-04-02 00:17:24,728 INFO org.springframework.boot.web.servlet.context.ServletWebServerApplicationContext [main] Root WebApplicationContext: initialization completed in 1193 ms
2023-04-02 00:17:24,825 INFO com.zaxxer.hikari.HikariDataSource [main] HikariPool-1 - Starting...
2023-04-02 00:17:24,954 INFO com.zaxxer.hikari.pool.PoolBase [main] HikariPool-1 - Driver does not support get/set network timeout for connections. (com.mysql.jdbc.JDBC4Connection.getNetworkTimeout()I)
2023-04-02 00:17:24,956 INFO com.zaxxer.hikari.HikariDataSource [main] HikariPool-1 - Start completed.
2023-04-02 00:17:25,039 INFO org.hibernate.jpa.internal.util.LogHelper [main] HHH000204: Processing PersistenceUnitInfo [name: default]
2023-04-02 00:17:25,077 INFO org.hibernate.Version [main] HHH000412: Hibernate ORM core version 5.4.32.Final
2023-04-02 00:17:25,171 INFO org.hibernate.annotations.common.reflection.java.JavaReflectionManager [main] HCANN000001: Hibernate Commons Annotations {5.1.2.Final}
2023-04-02 00:17:25,243 INFO org.hibernate.dialect.Dialect [main] HHH000400: Using dialect: org.hibernate.dialect.MySQL57Dialect
2023-04-02 00:17:25,654 INFO org.hibernate.engine.transaction.jta.platform.internal.JtaPlatformInitiator [main] HHH000490: Using JtaPlatform implementation: [org.hibernate.engine.transaction.jta.platform.internal.NoJtaPlatform]
2023-04-02 00:17:25,661 INFO org.springframework.orm.jpa.AbstractEntityManagerFactoryBean [main] Initialized JPA EntityManagerFactory for persistence unit 'default'
2023-04-02 00:17:25,955 WARN org.springframework.boot.autoconfigure.orm.jpa.JpaBaseConfiguration$JpaWebConfiguration [main] spring.jpa.open-in-view is enabled by default. Therefore, database queries may be performed during view rendering. Explicitly configure spring.jpa.open-in-view to disable this warning
2023-04-02 00:17:26,046 DEBUG org.springframework.web.servlet.handler.AbstractHandlerMethodMapping [main] 12 mappings in 'requestMappingHandlerMapping'
2023-04-02 00:17:26,191 DEBUG org.springframework.web.servlet.mvc.method.annotation.RequestMappingHandlerAdapter [main] ControllerAdvice beans: 0 @ModelAttribute, 0 @InitBinder, 1 RequestBodyAdvice, 1 ResponseBodyAdvice
2023-04-02 00:17:26,236 DEBUG org.springframework.web.servlet.handler.SimpleUrlHandlerMapping [main] Patterns [/swagger-ui/] in 'viewControllerHandlerMapping'
2023-04-02 00:17:26,253 DEBUG org.springframework.web.servlet.handler.SimpleUrlHandlerMapping [main] Patterns [/webjars/**, /**, /swagger-ui/**] in 'resourceHandlerMapping'
2023-04-02 00:17:26,260 DEBUG org.springframework.web.servlet.mvc.method.annotation.ExceptionHandlerExceptionResolver [main] ControllerAdvice beans: 0 @ExceptionHandler, 1 ResponseBodyAdvice
2023-04-02 00:17:26,413 INFO org.apache.juli.logging.DirectJDKLog [main] Starting ProtocolHandler ["http-nio-8082"]
2023-04-02 00:17:26,434 INFO org.springframework.boot.web.embedded.tomcat.TomcatWebServer [main] Tomcat started on port(s): 8082 (http) with context path ''
2023-04-02 00:17:26,605 INFO org.springframework.boot.StartupInfoLogger [main] Started Demarage in 3.416 seconds (JVM running for 3.782)
2023-04-02 00:17:26,608 INFO ma.pfe.Demarage [main] Access URLs:
----------------------------------------------------------
	Local: 		http://127.0.0.1:8082/swagger-ui/#/
	External: 	http://172.26.224.1:8082/swagger-ui/#/
----------------------------------------------------------
2023-04-02 00:17:28,562 INFO org.apache.juli.logging.DirectJDKLog [http-nio-8082-exec-3] Initializing Spring DispatcherServlet 'dispatcherServlet'
2023-04-02 00:17:28,563 INFO org.springframework.web.servlet.FrameworkServlet [http-nio-8082-exec-3] Initializing Servlet 'dispatcherServlet'
2023-04-02 00:17:28,563 DEBUG org.springframework.web.servlet.DispatcherServlet [http-nio-8082-exec-3] Detected StandardServletMultipartResolver
2023-04-02 00:17:28,563 DEBUG org.springframework.web.servlet.DispatcherServlet [http-nio-8082-exec-3] Detected AcceptHeaderLocaleResolver
2023-04-02 00:17:28,563 DEBUG org.springframework.web.servlet.DispatcherServlet [http-nio-8082-exec-3] Detected FixedThemeResolver
2023-04-02 00:17:28,564 DEBUG org.springframework.web.servlet.DispatcherServlet [http-nio-8082-exec-3] Detected org.springframework.web.servlet.view.DefaultRequestToViewNameTranslator@3fe98084
2023-04-02 00:17:28,564 DEBUG org.springframework.web.servlet.DispatcherServlet [http-nio-8082-exec-3] Detected org.springframework.web.servlet.support.SessionFlashMapManager@4e96cb04
2023-04-02 00:17:28,564 DEBUG org.springframework.web.servlet.FrameworkServlet [http-nio-8082-exec-3] enableLoggingRequestDetails='false': request parameters and headers will be masked to prevent unsafe logging of potentially sensitive data
2023-04-02 00:17:28,564 INFO org.springframework.web.servlet.FrameworkServlet [http-nio-8082-exec-3] Completed initialization in 1 ms
2023-04-02 00:17:28,573 DEBUG org.springframework.core.log.LogFormatUtils [http-nio-8082-exec-3] GET "/swagger-resources/configuration/ui", parameters={}
2023-04-02 00:17:28,576 DEBUG org.springframework.web.servlet.handler.AbstractHandlerMapping [http-nio-8082-exec-3] Mapped to springfox.documentation.swagger.web.ApiResourceController#uiConfiguration()
2023-04-02 00:17:28,589 DEBUG org.springframework.web.servlet.mvc.method.annotation.AbstractMessageConverterMethodProcessor [http-nio-8082-exec-3] Using 'application/json', given [application/json] and supported [application/json]
2023-04-02 00:17:28,606 DEBUG org.springframework.core.log.LogFormatUtils [http-nio-8082-exec-3] Writing [springfox.documentation.swagger.web.UiConfiguration@4cf4d27f]
2023-04-02 00:17:28,618 DEBUG org.springframework.web.servlet.FrameworkServlet [http-nio-8082-exec-3] Completed 200 OK
2023-04-02 00:17:28,624 DEBUG org.springframework.core.log.LogFormatUtils [http-nio-8082-exec-5] GET "/swagger-resources/configuration/security", parameters={}
2023-04-02 00:17:28,625 DEBUG org.springframework.web.servlet.handler.AbstractHandlerMapping [http-nio-8082-exec-5] Mapped to springfox.documentation.swagger.web.ApiResourceController#securityConfiguration()
2023-04-02 00:17:28,625 DEBUG org.springframework.web.servlet.mvc.method.annotation.AbstractMessageConverterMethodProcessor [http-nio-8082-exec-5] Using 'application/json', given [application/json] and supported [application/json]
2023-04-02 00:17:28,627 DEBUG org.springframework.core.log.LogFormatUtils [http-nio-8082-exec-5] Writing [springfox.documentation.swagger.web.SecurityConfiguration@412ce3e4]
2023-04-02 00:17:28,628 DEBUG org.springframework.web.servlet.FrameworkServlet [http-nio-8082-exec-5] Completed 200 OK
2023-04-02 00:17:28,633 DEBUG org.springframework.core.log.LogFormatUtils [http-nio-8082-exec-7] GET "/swagger-resources", parameters={}
2023-04-02 00:17:28,633 DEBUG org.springframework.web.servlet.handler.AbstractHandlerMapping [http-nio-8082-exec-7] Mapped to springfox.documentation.swagger.web.ApiResourceController#swaggerResources()
2023-04-02 00:17:28,633 DEBUG org.springframework.web.servlet.mvc.method.annotation.AbstractMessageConverterMethodProcessor [http-nio-8082-exec-7] Using 'application/json', given [application/json] and supported [application/json]
2023-04-02 00:17:28,634 DEBUG org.springframework.core.log.LogFormatUtils [http-nio-8082-exec-7] Writing [[springfox.documentation.swagger.web.SwaggerResource@a5fb715]]
2023-04-02 00:17:28,636 DEBUG org.springframework.web.servlet.FrameworkServlet [http-nio-8082-exec-7] Completed 200 OK
2023-04-02 00:17:28,658 DEBUG org.springframework.core.log.LogFormatUtils [http-nio-8082-exec-4] GET "/v2/api-docs", parameters={}
2023-04-02 00:17:28,658 DEBUG org.springframework.web.servlet.handler.AbstractHandlerMapping [http-nio-8082-exec-4] Mapped to springfox.documentation.swagger2.web.Swagger2ControllerWebMvc#getDocumentation(String, HttpServletRequest)
2023-04-02 00:17:28,729 DEBUG org.springframework.web.servlet.mvc.method.annotation.AbstractMessageConverterMethodProcessor [http-nio-8082-exec-4] Using 'application/json', given [application/json, */*] and supported [application/json, application/hal+json]
2023-04-02 00:17:28,731 DEBUG org.springframework.core.log.LogFormatUtils [http-nio-8082-exec-4] Writing [springfox.documentation.spring.web.json.Json@4b9f96ce]
2023-04-02 00:17:28,732 DEBUG org.springframework.web.servlet.FrameworkServlet [http-nio-8082-exec-4] Completed 200 OK
2023-04-02 00:17:50,104 DEBUG org.springframework.core.log.LogFormatUtils [http-nio-8082-exec-1] POST "/Students", parameters={}
2023-04-02 00:17:50,105 DEBUG org.springframework.web.servlet.handler.AbstractHandlerMapping [http-nio-8082-exec-1] Mapped to ma.pfe.controllers.StudentController#save(StudentDTO)
2023-04-02 00:17:50,134 DEBUG org.springframework.core.log.LogFormatUtils [http-nio-8082-exec-1] Read "application/json;charset=UTF-8" to [StudentDTO{name='omar idrissi', studentId=StudentIdDTO{id=0, code='code1'}, adresse=AdresseDTO{rue=' (truncated)...]
2023-04-02 00:17:50,136 DEBUG ma.pfe.controllers.StudentController [http-nio-8082-exec-1] Start --> save 
2023-04-02 00:17:50,136 DEBUG ma.pfe.controllers.StudentController [http-nio-8082-exec-1] StudentDTO{name='omar idrissi', studentId=StudentIdDTO{id=0, code='code1'}, adresse=AdresseDTO{rue='test', avenue='test', number='test'}, courses=[CoursDTO{id=1, name='test1'}, CoursDTO{id=2, name='test1'}]}
2023-04-02 00:17:50,136 DEBUG ma.pfe.services.StudentService [http-nio-8082-exec-1] Start --> save in Service
2023-04-02 00:17:50,136 DEBUG ma.pfe.services.StudentService [http-nio-8082-exec-1] ==================================
2023-04-02 00:17:50,136 DEBUG ma.pfe.services.StudentService [http-nio-8082-exec-1] StudentDTO{name='omar idrissi', studentId=StudentIdDTO{id=0, code='code1'}, adresse=AdresseDTO{rue='test', avenue='test', number='test'}, courses=[CoursDTO{id=1, name='test1'}, CoursDTO{id=2, name='test1'}]}
2023-04-02 00:17:50,136 DEBUG ma.pfe.services.StudentService [http-nio-8082-exec-1] ==================================
2023-04-02 00:17:50,136 DEBUG ma.pfe.services.StudentService [http-nio-8082-exec-1] StudentEntity{studentId=StudentId{id=0, code='code1'}, adresse=Adresse{rue='test', avenue='test', number='test'}, name='omar idrissi', courses=null}
2023-04-02 00:17:50,137 DEBUG ma.pfe.services.StudentService [http-nio-8082-exec-1] ==================================
2023-04-02 00:17:50,199 DEBUG ma.pfe.services.StudentService [http-nio-8082-exec-1] StudentEntity{studentId=StudentId{id=0, code='code1'}, adresse=Adresse{rue='test', avenue='test', number='test'}, name='omar idrissi', courses=null}
2023-04-02 00:17:50,200 DEBUG org.springframework.web.servlet.mvc.method.annotation.AbstractMessageConverterMethodProcessor [http-nio-8082-exec-1] Using 'application/json', given [*/*] and supported [application/json, application/*+json, application/json, application/*+json]
2023-04-02 00:17:50,200 DEBUG org.springframework.core.log.LogFormatUtils [http-nio-8082-exec-1] Writing [0]
2023-04-02 00:17:50,201 DEBUG org.springframework.web.servlet.FrameworkServlet [http-nio-8082-exec-1] Completed 200 OK
2023-04-02 00:18:10,547 INFO org.springframework.orm.jpa.AbstractEntityManagerFactoryBean [SpringApplicationShutdownHook] Closing JPA EntityManagerFactory for persistence unit 'default'
2023-04-02 00:18:10,549 INFO com.zaxxer.hikari.HikariDataSource [SpringApplicationShutdownHook] HikariPool-1 - Shutdown initiated...
2023-04-02 00:18:10,551 INFO com.zaxxer.hikari.HikariDataSource [SpringApplicationShutdownHook] HikariPool-1 - Shutdown completed.
2023-04-02 00:19:12,096 INFO org.springframework.boot.StartupInfoLogger [main] Starting Demarage using Java 1.8.0_362 on DESKTOP-VLQJ05K with PID 18596 (C:\Users\idris\OneDrive\Bureau\git\TPComponentsSpringIOC\target\classes started by idris in C:\Users\idris\OneDrive\Bureau\git\TPComponentsSpringIOC)
2023-04-02 00:19:12,099 DEBUG org.springframework.boot.StartupInfoLogger [main] Running with Spring Boot v2.5.1, Spring v5.3.8
2023-04-02 00:19:12,099 INFO org.springframework.boot.SpringApplication [main] The following profiles are active: local
2023-04-02 00:19:12,664 INFO org.springframework.data.repository.config.RepositoryConfigurationDelegate [main] Bootstrapping Spring Data JPA repositories in DEFAULT mode.
2023-04-02 00:19:12,702 INFO org.springframework.data.repository.config.RepositoryConfigurationDelegate [main] Finished Spring Data repository scanning in 32 ms. Found 1 JPA repository interfaces.
2023-04-02 00:19:13,278 INFO org.springframework.boot.web.embedded.tomcat.TomcatWebServer [main] Tomcat initialized with port(s): 8082 (http)
2023-04-02 00:19:13,286 INFO org.apache.juli.logging.DirectJDKLog [main] Initializing ProtocolHandler ["http-nio-8082"]
2023-04-02 00:19:13,287 INFO org.apache.juli.logging.DirectJDKLog [main] Starting service [Tomcat]
2023-04-02 00:19:13,287 INFO org.apache.juli.logging.DirectJDKLog [main] Starting Servlet engine: [Apache Tomcat/9.0.46]
2023-04-02 00:19:13,344 INFO org.apache.juli.logging.DirectJDKLog [main] Initializing Spring embedded WebApplicationContext
2023-04-02 00:19:13,344 INFO org.springframework.boot.web.servlet.context.ServletWebServerApplicationContext [main] Root WebApplicationContext: initialization completed in 1211 ms
2023-04-02 00:19:13,405 INFO com.zaxxer.hikari.HikariDataSource [main] HikariPool-1 - Starting...
2023-04-02 00:19:13,564 INFO com.zaxxer.hikari.pool.PoolBase [main] HikariPool-1 - Driver does not support get/set network timeout for connections. (com.mysql.jdbc.JDBC4Connection.getNetworkTimeout()I)
2023-04-02 00:19:13,566 INFO com.zaxxer.hikari.HikariDataSource [main] HikariPool-1 - Start completed.
2023-04-02 00:19:13,646 INFO org.hibernate.jpa.internal.util.LogHelper [main] HHH000204: Processing PersistenceUnitInfo [name: default]
2023-04-02 00:19:13,680 INFO org.hibernate.Version [main] HHH000412: Hibernate ORM core version 5.4.32.Final
2023-04-02 00:19:13,773 INFO org.hibernate.annotations.common.reflection.java.JavaReflectionManager [main] HCANN000001: Hibernate Commons Annotations {5.1.2.Final}
2023-04-02 00:19:13,846 INFO org.hibernate.dialect.Dialect [main] HHH000400: Using dialect: org.hibernate.dialect.MySQL57Dialect
2023-04-02 00:19:14,252 INFO org.hibernate.engine.transaction.jta.platform.internal.JtaPlatformInitiator [main] HHH000490: Using JtaPlatform implementation: [org.hibernate.engine.transaction.jta.platform.internal.NoJtaPlatform]
2023-04-02 00:19:14,258 INFO org.springframework.orm.jpa.AbstractEntityManagerFactoryBean [main] Initialized JPA EntityManagerFactory for persistence unit 'default'
2023-04-02 00:19:14,568 WARN org.springframework.boot.autoconfigure.orm.jpa.JpaBaseConfiguration$JpaWebConfiguration [main] spring.jpa.open-in-view is enabled by default. Therefore, database queries may be performed during view rendering. Explicitly configure spring.jpa.open-in-view to disable this warning
2023-04-02 00:19:14,650 DEBUG org.springframework.web.servlet.handler.AbstractHandlerMethodMapping [main] 12 mappings in 'requestMappingHandlerMapping'
2023-04-02 00:19:14,820 DEBUG org.springframework.web.servlet.mvc.method.annotation.RequestMappingHandlerAdapter [main] ControllerAdvice beans: 0 @ModelAttribute, 0 @InitBinder, 1 RequestBodyAdvice, 1 ResponseBodyAdvice
2023-04-02 00:19:14,867 DEBUG org.springframework.web.servlet.handler.SimpleUrlHandlerMapping [main] Patterns [/swagger-ui/] in 'viewControllerHandlerMapping'
2023-04-02 00:19:14,884 DEBUG org.springframework.web.servlet.handler.SimpleUrlHandlerMapping [main] Patterns [/webjars/**, /**, /swagger-ui/**] in 'resourceHandlerMapping'
2023-04-02 00:19:14,890 DEBUG org.springframework.web.servlet.mvc.method.annotation.ExceptionHandlerExceptionResolver [main] ControllerAdvice beans: 0 @ExceptionHandler, 1 ResponseBodyAdvice
2023-04-02 00:19:14,953 INFO org.apache.juli.logging.DirectJDKLog [main] Starting ProtocolHandler ["http-nio-8082"]
2023-04-02 00:19:14,970 INFO org.springframework.boot.web.embedded.tomcat.TomcatWebServer [main] Tomcat started on port(s): 8082 (http) with context path ''
2023-04-02 00:19:15,216 INFO org.springframework.boot.StartupInfoLogger [main] Started Demarage in 3.418 seconds (JVM running for 3.781)
2023-04-02 00:19:15,218 INFO ma.pfe.Demarage [main] Access URLs:
----------------------------------------------------------
	Local: 		http://127.0.0.1:8082/swagger-ui/#/
	External: 	http://172.26.224.1:8082/swagger-ui/#/
----------------------------------------------------------
2023-04-02 00:19:18,251 INFO org.apache.juli.logging.DirectJDKLog [http-nio-8082-exec-1] Initializing Spring DispatcherServlet 'dispatcherServlet'
2023-04-02 00:19:18,252 INFO org.springframework.web.servlet.FrameworkServlet [http-nio-8082-exec-1] Initializing Servlet 'dispatcherServlet'
2023-04-02 00:19:18,252 DEBUG org.springframework.web.servlet.DispatcherServlet [http-nio-8082-exec-1] Detected StandardServletMultipartResolver
2023-04-02 00:19:18,252 DEBUG org.springframework.web.servlet.DispatcherServlet [http-nio-8082-exec-1] Detected AcceptHeaderLocaleResolver
2023-04-02 00:19:18,252 DEBUG org.springframework.web.servlet.DispatcherServlet [http-nio-8082-exec-1] Detected FixedThemeResolver
2023-04-02 00:19:18,253 DEBUG org.springframework.web.servlet.DispatcherServlet [http-nio-8082-exec-1] Detected org.springframework.web.servlet.view.DefaultRequestToViewNameTranslator@151a6598
2023-04-02 00:19:18,253 DEBUG org.springframework.web.servlet.DispatcherServlet [http-nio-8082-exec-1] Detected org.springframework.web.servlet.support.SessionFlashMapManager@4e5364a3
2023-04-02 00:19:18,253 DEBUG org.springframework.web.servlet.FrameworkServlet [http-nio-8082-exec-1] enableLoggingRequestDetails='false': request parameters and headers will be masked to prevent unsafe logging of potentially sensitive data
2023-04-02 00:19:18,253 INFO org.springframework.web.servlet.FrameworkServlet [http-nio-8082-exec-1] Completed initialization in 1 ms
2023-04-02 00:19:18,262 DEBUG org.springframework.core.log.LogFormatUtils [http-nio-8082-exec-1] GET "/swagger-resources/configuration/ui", parameters={}
2023-04-02 00:19:18,267 DEBUG org.springframework.web.servlet.handler.AbstractHandlerMapping [http-nio-8082-exec-1] Mapped to springfox.documentation.swagger.web.ApiResourceController#uiConfiguration()
2023-04-02 00:19:18,278 DEBUG org.springframework.web.servlet.mvc.method.annotation.AbstractMessageConverterMethodProcessor [http-nio-8082-exec-1] Using 'application/json', given [application/json] and supported [application/json]
2023-04-02 00:19:18,296 DEBUG org.springframework.core.log.LogFormatUtils [http-nio-8082-exec-1] Writing [springfox.documentation.swagger.web.UiConfiguration@5d23496f]
2023-04-02 00:19:18,309 DEBUG org.springframework.web.servlet.FrameworkServlet [http-nio-8082-exec-1] Completed 200 OK
2023-04-02 00:19:18,314 DEBUG org.springframework.core.log.LogFormatUtils [http-nio-8082-exec-3] GET "/swagger-resources/configuration/security", parameters={}
2023-04-02 00:19:18,315 DEBUG org.springframework.web.servlet.handler.AbstractHandlerMapping [http-nio-8082-exec-3] Mapped to springfox.documentation.swagger.web.ApiResourceController#securityConfiguration()
2023-04-02 00:19:18,315 DEBUG org.springframework.web.servlet.mvc.method.annotation.AbstractMessageConverterMethodProcessor [http-nio-8082-exec-3] Using 'application/json', given [application/json] and supported [application/json]
2023-04-02 00:19:18,317 DEBUG org.springframework.core.log.LogFormatUtils [http-nio-8082-exec-3] Writing [springfox.documentation.swagger.web.SecurityConfiguration@4df70677]
2023-04-02 00:19:18,318 DEBUG org.springframework.web.servlet.FrameworkServlet [http-nio-8082-exec-3] Completed 200 OK
2023-04-02 00:19:18,322 DEBUG org.springframework.core.log.LogFormatUtils [http-nio-8082-exec-2] GET "/swagger-resources", parameters={}
2023-04-02 00:19:18,322 DEBUG org.springframework.web.servlet.handler.AbstractHandlerMapping [http-nio-8082-exec-2] Mapped to springfox.documentation.swagger.web.ApiResourceController#swaggerResources()
2023-04-02 00:19:18,323 DEBUG org.springframework.web.servlet.mvc.method.annotation.AbstractMessageConverterMethodProcessor [http-nio-8082-exec-2] Using 'application/json', given [application/json] and supported [application/json]
2023-04-02 00:19:18,324 DEBUG org.springframework.core.log.LogFormatUtils [http-nio-8082-exec-2] Writing [[springfox.documentation.swagger.web.SwaggerResource@41f89d00]]
2023-04-02 00:19:18,325 DEBUG org.springframework.web.servlet.FrameworkServlet [http-nio-8082-exec-2] Completed 200 OK
2023-04-02 00:19:18,348 DEBUG org.springframework.core.log.LogFormatUtils [http-nio-8082-exec-4] GET "/v2/api-docs", parameters={}
2023-04-02 00:19:18,348 DEBUG org.springframework.web.servlet.handler.AbstractHandlerMapping [http-nio-8082-exec-4] Mapped to springfox.documentation.swagger2.web.Swagger2ControllerWebMvc#getDocumentation(String, HttpServletRequest)
2023-04-02 00:19:18,416 DEBUG org.springframework.web.servlet.mvc.method.annotation.AbstractMessageConverterMethodProcessor [http-nio-8082-exec-4] Using 'application/json', given [application/json, */*] and supported [application/json, application/hal+json]
2023-04-02 00:19:18,417 DEBUG org.springframework.core.log.LogFormatUtils [http-nio-8082-exec-4] Writing [springfox.documentation.spring.web.json.Json@3b3a97a7]
2023-04-02 00:19:18,418 DEBUG org.springframework.web.servlet.FrameworkServlet [http-nio-8082-exec-4] Completed 200 OK
2023-04-02 00:19:35,086 DEBUG org.springframework.core.log.LogFormatUtils [http-nio-8082-exec-5] POST "/Students", parameters={}
2023-04-02 00:19:35,087 DEBUG org.springframework.web.servlet.handler.AbstractHandlerMapping [http-nio-8082-exec-5] Mapped to ma.pfe.controllers.StudentController#save(StudentDTO)
2023-04-02 00:19:35,117 DEBUG org.springframework.core.log.LogFormatUtils [http-nio-8082-exec-5] Read "application/json;charset=UTF-8" to [StudentDTO{name='omar idrissi', studentId=StudentIdDTO{id=0, code='code1'}, adresse=AdresseDTO{rue=' (truncated)...]
2023-04-02 00:19:35,119 DEBUG ma.pfe.controllers.StudentController [http-nio-8082-exec-5] Start --> save 
2023-04-02 00:19:35,119 DEBUG ma.pfe.controllers.StudentController [http-nio-8082-exec-5] StudentDTO{name='omar idrissi', studentId=StudentIdDTO{id=0, code='code1'}, adresse=AdresseDTO{rue='test', avenue='test', number='test'}, courses=[CoursDTO{id=1, name='test1'}, CoursDTO{id=2, name='test1'}]}
2023-04-02 00:19:35,120 DEBUG ma.pfe.services.StudentService [http-nio-8082-exec-5] Start --> save in Service
2023-04-02 00:19:35,120 DEBUG ma.pfe.services.StudentService [http-nio-8082-exec-5] ==================================
2023-04-02 00:19:35,120 DEBUG ma.pfe.services.StudentService [http-nio-8082-exec-5] StudentDTO{name='omar idrissi', studentId=StudentIdDTO{id=0, code='code1'}, adresse=AdresseDTO{rue='test', avenue='test', number='test'}, courses=[CoursDTO{id=1, name='test1'}, CoursDTO{id=2, name='test1'}]}
2023-04-02 00:19:35,120 DEBUG ma.pfe.services.StudentService [http-nio-8082-exec-5] ==================================
2023-04-02 00:19:35,121 DEBUG ma.pfe.services.StudentService [http-nio-8082-exec-5] StudentEntity{studentId=StudentId{id=0, code='code1'}, adresse=Adresse{rue='test', avenue='test', number='test'}, name='omar idrissi', courses=[CoursEntity{id=1, name='test1'}, CoursEntity{id=2, name='test1'}]}
2023-04-02 00:19:35,121 DEBUG ma.pfe.services.StudentService [http-nio-8082-exec-5] ==================================
2023-04-02 00:19:35,202 DEBUG ma.pfe.services.StudentService [http-nio-8082-exec-5] StudentEntity{studentId=StudentId{id=0, code='code1'}, adresse=Adresse{rue='test', avenue='test', number='test'}, name='omar idrissi', courses=[CoursEntity{id=1, name='test1'}, CoursEntity{id=2, name='test1'}]}
2023-04-02 00:19:35,203 DEBUG org.springframework.web.servlet.mvc.method.annotation.AbstractMessageConverterMethodProcessor [http-nio-8082-exec-5] Using 'application/json', given [*/*] and supported [application/json, application/*+json, application/json, application/*+json]
2023-04-02 00:19:35,204 DEBUG org.springframework.core.log.LogFormatUtils [http-nio-8082-exec-5] Writing [0]
2023-04-02 00:19:35,205 DEBUG org.springframework.web.servlet.FrameworkServlet [http-nio-8082-exec-5] Completed 200 OK
2023-04-02 00:20:31,440 DEBUG org.springframework.core.log.LogFormatUtils [http-nio-8082-exec-7] GET "/Students/0/code1", parameters={}
2023-04-02 00:20:31,441 DEBUG org.springframework.web.servlet.handler.AbstractHandlerMapping [http-nio-8082-exec-7] Mapped to ma.pfe.controllers.StudentController#selectById(long, String)
2023-04-02 00:20:31,446 DEBUG ma.pfe.controllers.StudentController [http-nio-8082-exec-7] start method select by id 0 , code code1 
2023-04-02 00:20:31,461 DEBUG org.springframework.web.servlet.mvc.method.annotation.AbstractMessageConverterMethodProcessor [http-nio-8082-exec-7] Using 'application/json', given [*/*] and supported [application/json, application/*+json, application/json, application/*+json]
2023-04-02 00:20:31,461 DEBUG org.springframework.core.log.LogFormatUtils [http-nio-8082-exec-7] Writing [StudentDTO{name='omar idrissi', studentId=StudentIdDTO{id=0, code='code1'}, adresse=AdresseDTO{rue=' (truncated)...]
2023-04-02 00:20:31,463 DEBUG org.springframework.web.servlet.FrameworkServlet [http-nio-8082-exec-7] Completed 200 OK
2023-04-02 00:24:37,322 INFO org.springframework.orm.jpa.AbstractEntityManagerFactoryBean [SpringApplicationShutdownHook] Closing JPA EntityManagerFactory for persistence unit 'default'
2023-04-02 00:24:37,323 INFO com.zaxxer.hikari.HikariDataSource [SpringApplicationShutdownHook] HikariPool-1 - Shutdown initiated...
2023-04-02 00:24:37,326 INFO com.zaxxer.hikari.HikariDataSource [SpringApplicationShutdownHook] HikariPool-1 - Shutdown completed.
2023-04-02 00:28:07,886 INFO org.springframework.boot.StartupInfoLogger [main] Starting Demarage using Java 1.8.0_362 on DESKTOP-VLQJ05K with PID 11860 (C:\Users\idris\OneDrive\Bureau\git\TPComponentsSpringIOC\target\classes started by idris in C:\Users\idris\OneDrive\Bureau\git\TPComponentsSpringIOC)
2023-04-02 00:28:07,888 DEBUG org.springframework.boot.StartupInfoLogger [main] Running with Spring Boot v2.5.1, Spring v5.3.8
2023-04-02 00:28:07,888 INFO org.springframework.boot.SpringApplication [main] The following profiles are active: local
2023-04-02 00:28:08,451 INFO org.springframework.data.repository.config.RepositoryConfigurationDelegate [main] Bootstrapping Spring Data JPA repositories in DEFAULT mode.
2023-04-02 00:28:08,490 INFO org.springframework.data.repository.config.RepositoryConfigurationDelegate [main] Finished Spring Data repository scanning in 33 ms. Found 1 JPA repository interfaces.
2023-04-02 00:28:09,048 INFO org.springframework.boot.web.embedded.tomcat.TomcatWebServer [main] Tomcat initialized with port(s): 8082 (http)
2023-04-02 00:28:09,056 INFO org.apache.juli.logging.DirectJDKLog [main] Initializing ProtocolHandler ["http-nio-8082"]
2023-04-02 00:28:09,056 INFO org.apache.juli.logging.DirectJDKLog [main] Starting service [Tomcat]
2023-04-02 00:28:09,056 INFO org.apache.juli.logging.DirectJDKLog [main] Starting Servlet engine: [Apache Tomcat/9.0.46]
2023-04-02 00:28:09,114 INFO org.apache.juli.logging.DirectJDKLog [main] Initializing Spring embedded WebApplicationContext
2023-04-02 00:28:09,114 INFO org.springframework.boot.web.servlet.context.ServletWebServerApplicationContext [main] Root WebApplicationContext: initialization completed in 1193 ms
2023-04-02 00:28:09,212 INFO com.zaxxer.hikari.HikariDataSource [main] HikariPool-1 - Starting...
2023-04-02 00:28:09,336 INFO com.zaxxer.hikari.pool.PoolBase [main] HikariPool-1 - Driver does not support get/set network timeout for connections. (com.mysql.jdbc.JDBC4Connection.getNetworkTimeout()I)
2023-04-02 00:28:09,338 INFO com.zaxxer.hikari.HikariDataSource [main] HikariPool-1 - Start completed.
2023-04-02 00:28:09,413 INFO org.hibernate.jpa.internal.util.LogHelper [main] HHH000204: Processing PersistenceUnitInfo [name: default]
2023-04-02 00:28:09,447 INFO org.hibernate.Version [main] HHH000412: Hibernate ORM core version 5.4.32.Final
2023-04-02 00:28:09,543 INFO org.hibernate.annotations.common.reflection.java.JavaReflectionManager [main] HCANN000001: Hibernate Commons Annotations {5.1.2.Final}
2023-04-02 00:28:09,619 INFO org.hibernate.dialect.Dialect [main] HHH000400: Using dialect: org.hibernate.dialect.MySQL57Dialect
2023-04-02 00:28:10,037 INFO org.hibernate.engine.transaction.jta.platform.internal.JtaPlatformInitiator [main] HHH000490: Using JtaPlatform implementation: [org.hibernate.engine.transaction.jta.platform.internal.NoJtaPlatform]
2023-04-02 00:28:10,043 INFO org.springframework.orm.jpa.AbstractEntityManagerFactoryBean [main] Initialized JPA EntityManagerFactory for persistence unit 'default'
2023-04-02 00:28:10,372 WARN org.springframework.boot.autoconfigure.orm.jpa.JpaBaseConfiguration$JpaWebConfiguration [main] spring.jpa.open-in-view is enabled by default. Therefore, database queries may be performed during view rendering. Explicitly configure spring.jpa.open-in-view to disable this warning
2023-04-02 00:28:10,460 DEBUG org.springframework.web.servlet.handler.AbstractHandlerMethodMapping [main] 12 mappings in 'requestMappingHandlerMapping'
2023-04-02 00:28:10,630 DEBUG org.springframework.web.servlet.mvc.method.annotation.RequestMappingHandlerAdapter [main] ControllerAdvice beans: 0 @ModelAttribute, 0 @InitBinder, 1 RequestBodyAdvice, 1 ResponseBodyAdvice
2023-04-02 00:28:10,701 DEBUG org.springframework.web.servlet.handler.SimpleUrlHandlerMapping [main] Patterns [/swagger-ui/] in 'viewControllerHandlerMapping'
2023-04-02 00:28:10,720 DEBUG org.springframework.web.servlet.handler.SimpleUrlHandlerMapping [main] Patterns [/webjars/**, /**, /swagger-ui/**] in 'resourceHandlerMapping'
2023-04-02 00:28:10,726 DEBUG org.springframework.web.servlet.mvc.method.annotation.ExceptionHandlerExceptionResolver [main] ControllerAdvice beans: 0 @ExceptionHandler, 1 ResponseBodyAdvice
2023-04-02 00:28:10,892 INFO org.apache.juli.logging.DirectJDKLog [main] Starting ProtocolHandler ["http-nio-8082"]
2023-04-02 00:28:10,915 INFO org.springframework.boot.web.embedded.tomcat.TomcatWebServer [main] Tomcat started on port(s): 8082 (http) with context path ''
2023-04-02 00:28:11,162 INFO org.springframework.boot.StartupInfoLogger [main] Started Demarage in 3.579 seconds (JVM running for 3.961)
2023-04-02 00:28:11,165 INFO ma.pfe.Demarage [main] Access URLs:
----------------------------------------------------------
	Local: 		http://127.0.0.1:8082/swagger-ui/#/
	External: 	http://172.26.224.1:8082/swagger-ui/#/
----------------------------------------------------------
2023-04-02 00:28:13,531 INFO org.apache.juli.logging.DirectJDKLog [http-nio-8082-exec-1] Initializing Spring DispatcherServlet 'dispatcherServlet'
2023-04-02 00:28:13,532 INFO org.springframework.web.servlet.FrameworkServlet [http-nio-8082-exec-1] Initializing Servlet 'dispatcherServlet'
2023-04-02 00:28:13,532 DEBUG org.springframework.web.servlet.DispatcherServlet [http-nio-8082-exec-1] Detected StandardServletMultipartResolver
2023-04-02 00:28:13,532 DEBUG org.springframework.web.servlet.DispatcherServlet [http-nio-8082-exec-1] Detected AcceptHeaderLocaleResolver
2023-04-02 00:28:13,532 DEBUG org.springframework.web.servlet.DispatcherServlet [http-nio-8082-exec-1] Detected FixedThemeResolver
2023-04-02 00:28:13,533 DEBUG org.springframework.web.servlet.DispatcherServlet [http-nio-8082-exec-1] Detected org.springframework.web.servlet.view.DefaultRequestToViewNameTranslator@3fe98084
2023-04-02 00:28:13,533 DEBUG org.springframework.web.servlet.DispatcherServlet [http-nio-8082-exec-1] Detected org.springframework.web.servlet.support.SessionFlashMapManager@4e96cb04
2023-04-02 00:28:13,533 DEBUG org.springframework.web.servlet.FrameworkServlet [http-nio-8082-exec-1] enableLoggingRequestDetails='false': request parameters and headers will be masked to prevent unsafe logging of potentially sensitive data
2023-04-02 00:28:13,534 INFO org.springframework.web.servlet.FrameworkServlet [http-nio-8082-exec-1] Completed initialization in 2 ms
2023-04-02 00:28:13,541 DEBUG org.springframework.core.log.LogFormatUtils [http-nio-8082-exec-1] GET "/swagger-resources/configuration/ui", parameters={}
2023-04-02 00:28:13,545 DEBUG org.springframework.web.servlet.handler.AbstractHandlerMapping [http-nio-8082-exec-1] Mapped to springfox.documentation.swagger.web.ApiResourceController#uiConfiguration()
2023-04-02 00:28:13,556 DEBUG org.springframework.web.servlet.mvc.method.annotation.AbstractMessageConverterMethodProcessor [http-nio-8082-exec-1] Using 'application/json', given [application/json] and supported [application/json]
2023-04-02 00:28:13,573 DEBUG org.springframework.core.log.LogFormatUtils [http-nio-8082-exec-1] Writing [springfox.documentation.swagger.web.UiConfiguration@4a2cdf26]
2023-04-02 00:28:13,586 DEBUG org.springframework.web.servlet.FrameworkServlet [http-nio-8082-exec-1] Completed 200 OK
2023-04-02 00:28:13,592 DEBUG org.springframework.core.log.LogFormatUtils [http-nio-8082-exec-2] GET "/swagger-resources/configuration/security", parameters={}
2023-04-02 00:28:13,592 DEBUG org.springframework.web.servlet.handler.AbstractHandlerMapping [http-nio-8082-exec-2] Mapped to springfox.documentation.swagger.web.ApiResourceController#securityConfiguration()
2023-04-02 00:28:13,593 DEBUG org.springframework.web.servlet.mvc.method.annotation.AbstractMessageConverterMethodProcessor [http-nio-8082-exec-2] Using 'application/json', given [application/json] and supported [application/json]
2023-04-02 00:28:13,595 DEBUG org.springframework.core.log.LogFormatUtils [http-nio-8082-exec-2] Writing [springfox.documentation.swagger.web.SecurityConfiguration@d689707]
2023-04-02 00:28:13,596 DEBUG org.springframework.web.servlet.FrameworkServlet [http-nio-8082-exec-2] Completed 200 OK
2023-04-02 00:28:13,601 DEBUG org.springframework.core.log.LogFormatUtils [http-nio-8082-exec-3] GET "/swagger-resources", parameters={}
2023-04-02 00:28:13,601 DEBUG org.springframework.web.servlet.handler.AbstractHandlerMapping [http-nio-8082-exec-3] Mapped to springfox.documentation.swagger.web.ApiResourceController#swaggerResources()
2023-04-02 00:28:13,602 DEBUG org.springframework.web.servlet.mvc.method.annotation.AbstractMessageConverterMethodProcessor [http-nio-8082-exec-3] Using 'application/json', given [application/json] and supported [application/json]
2023-04-02 00:28:13,602 DEBUG org.springframework.core.log.LogFormatUtils [http-nio-8082-exec-3] Writing [[springfox.documentation.swagger.web.SwaggerResource@7b4fbd44]]
2023-04-02 00:28:13,604 DEBUG org.springframework.web.servlet.FrameworkServlet [http-nio-8082-exec-3] Completed 200 OK
2023-04-02 00:28:13,626 DEBUG org.springframework.core.log.LogFormatUtils [http-nio-8082-exec-4] GET "/v2/api-docs", parameters={}
2023-04-02 00:28:13,627 DEBUG org.springframework.web.servlet.handler.AbstractHandlerMapping [http-nio-8082-exec-4] Mapped to springfox.documentation.swagger2.web.Swagger2ControllerWebMvc#getDocumentation(String, HttpServletRequest)
2023-04-02 00:28:13,694 DEBUG org.springframework.web.servlet.mvc.method.annotation.AbstractMessageConverterMethodProcessor [http-nio-8082-exec-4] Using 'application/json', given [application/json, */*] and supported [application/json, application/hal+json]
2023-04-02 00:28:13,696 DEBUG org.springframework.core.log.LogFormatUtils [http-nio-8082-exec-4] Writing [springfox.documentation.spring.web.json.Json@7f9204f9]
2023-04-02 00:28:13,697 DEBUG org.springframework.web.servlet.FrameworkServlet [http-nio-8082-exec-4] Completed 200 OK
2023-04-02 00:28:19,575 DEBUG org.springframework.core.log.LogFormatUtils [http-nio-8082-exec-5] GET "/Students", parameters={}
2023-04-02 00:28:19,576 DEBUG org.springframework.web.servlet.handler.AbstractHandlerMapping [http-nio-8082-exec-5] Mapped to ma.pfe.controllers.StudentController#selectAll()
2023-04-02 00:28:19,577 DEBUG ma.pfe.controllers.StudentController [http-nio-8082-exec-5] Start --> selectAll in StudentController
2023-04-02 00:28:19,577 DEBUG ma.pfe.services.StudentService [http-nio-8082-exec-5] Start --> selectAll in StudentService
2023-04-02 00:28:19,741 DEBUG org.springframework.web.servlet.mvc.method.annotation.AbstractMessageConverterMethodProcessor [http-nio-8082-exec-5] Using 'application/json', given [*/*] and supported [application/json, application/*+json, application/json, application/*+json]
2023-04-02 00:28:19,741 DEBUG org.springframework.core.log.LogFormatUtils [http-nio-8082-exec-5] Writing [[StudentDTO{name='omar', studentId=StudentIdDTO{id=141, code='AB1231546CD'}, adresse=AdresseDTO{rue= (truncated)...]
2023-04-02 00:28:19,746 DEBUG org.springframework.web.servlet.FrameworkServlet [http-nio-8082-exec-5] Completed 200 OK
2023-04-02 00:28:40,832 INFO org.springframework.orm.jpa.AbstractEntityManagerFactoryBean [SpringApplicationShutdownHook] Closing JPA EntityManagerFactory for persistence unit 'default'
2023-04-02 00:28:40,833 INFO com.zaxxer.hikari.HikariDataSource [SpringApplicationShutdownHook] HikariPool-1 - Shutdown initiated...
2023-04-02 00:28:40,836 INFO com.zaxxer.hikari.HikariDataSource [SpringApplicationShutdownHook] HikariPool-1 - Shutdown completed.
2023-04-02 00:32:34,496 INFO org.springframework.boot.StartupInfoLogger [main] Starting Demarage using Java 1.8.0_362 on DESKTOP-VLQJ05K with PID 17064 (C:\Users\idris\OneDrive\Bureau\git\TPComponentsSpringIOC\target\classes started by idris in C:\Users\idris\OneDrive\Bureau\git\TPComponentsSpringIOC)
2023-04-02 00:32:34,498 DEBUG org.springframework.boot.StartupInfoLogger [main] Running with Spring Boot v2.5.1, Spring v5.3.8
2023-04-02 00:32:34,499 INFO org.springframework.boot.SpringApplication [main] The following profiles are active: local
2023-04-02 00:32:35,058 INFO org.springframework.data.repository.config.RepositoryConfigurationDelegate [main] Bootstrapping Spring Data JPA repositories in DEFAULT mode.
2023-04-02 00:32:35,096 INFO org.springframework.data.repository.config.RepositoryConfigurationDelegate [main] Finished Spring Data repository scanning in 32 ms. Found 1 JPA repository interfaces.
2023-04-02 00:32:35,654 INFO org.springframework.boot.web.embedded.tomcat.TomcatWebServer [main] Tomcat initialized with port(s): 8082 (http)
2023-04-02 00:32:35,661 INFO org.apache.juli.logging.DirectJDKLog [main] Initializing ProtocolHandler ["http-nio-8082"]
2023-04-02 00:32:35,662 INFO org.apache.juli.logging.DirectJDKLog [main] Starting service [Tomcat]
2023-04-02 00:32:35,662 INFO org.apache.juli.logging.DirectJDKLog [main] Starting Servlet engine: [Apache Tomcat/9.0.46]
2023-04-02 00:32:35,719 INFO org.apache.juli.logging.DirectJDKLog [main] Initializing Spring embedded WebApplicationContext
2023-04-02 00:32:35,719 INFO org.springframework.boot.web.servlet.context.ServletWebServerApplicationContext [main] Root WebApplicationContext: initialization completed in 1186 ms
2023-04-02 00:32:35,820 INFO com.zaxxer.hikari.HikariDataSource [main] HikariPool-1 - Starting...
2023-04-02 00:32:35,944 INFO com.zaxxer.hikari.pool.PoolBase [main] HikariPool-1 - Driver does not support get/set network timeout for connections. (com.mysql.jdbc.JDBC4Connection.getNetworkTimeout()I)
2023-04-02 00:32:35,946 INFO com.zaxxer.hikari.HikariDataSource [main] HikariPool-1 - Start completed.
2023-04-02 00:32:36,023 INFO org.hibernate.jpa.internal.util.LogHelper [main] HHH000204: Processing PersistenceUnitInfo [name: default]
2023-04-02 00:32:36,055 INFO org.hibernate.Version [main] HHH000412: Hibernate ORM core version 5.4.32.Final
2023-04-02 00:32:36,153 INFO org.hibernate.annotations.common.reflection.java.JavaReflectionManager [main] HCANN000001: Hibernate Commons Annotations {5.1.2.Final}
2023-04-02 00:32:36,231 INFO org.hibernate.dialect.Dialect [main] HHH000400: Using dialect: org.hibernate.dialect.MySQL57Dialect
2023-04-02 00:32:36,649 INFO org.hibernate.engine.transaction.jta.platform.internal.JtaPlatformInitiator [main] HHH000490: Using JtaPlatform implementation: [org.hibernate.engine.transaction.jta.platform.internal.NoJtaPlatform]
2023-04-02 00:32:36,655 INFO org.springframework.orm.jpa.AbstractEntityManagerFactoryBean [main] Initialized JPA EntityManagerFactory for persistence unit 'default'
2023-04-02 00:32:36,988 WARN org.springframework.boot.autoconfigure.orm.jpa.JpaBaseConfiguration$JpaWebConfiguration [main] spring.jpa.open-in-view is enabled by default. Therefore, database queries may be performed during view rendering. Explicitly configure spring.jpa.open-in-view to disable this warning
2023-04-02 00:32:37,072 DEBUG org.springframework.web.servlet.handler.AbstractHandlerMethodMapping [main] 12 mappings in 'requestMappingHandlerMapping'
2023-04-02 00:32:37,231 DEBUG org.springframework.web.servlet.mvc.method.annotation.RequestMappingHandlerAdapter [main] ControllerAdvice beans: 0 @ModelAttribute, 0 @InitBinder, 1 RequestBodyAdvice, 1 ResponseBodyAdvice
2023-04-02 00:32:37,284 DEBUG org.springframework.web.servlet.handler.SimpleUrlHandlerMapping [main] Patterns [/swagger-ui/] in 'viewControllerHandlerMapping'
2023-04-02 00:32:37,304 DEBUG org.springframework.web.servlet.handler.SimpleUrlHandlerMapping [main] Patterns [/webjars/**, /**, /swagger-ui/**] in 'resourceHandlerMapping'
2023-04-02 00:32:37,312 DEBUG org.springframework.web.servlet.mvc.method.annotation.ExceptionHandlerExceptionResolver [main] ControllerAdvice beans: 0 @ExceptionHandler, 1 ResponseBodyAdvice
2023-04-02 00:32:37,482 INFO org.apache.juli.logging.DirectJDKLog [main] Starting ProtocolHandler ["http-nio-8082"]
2023-04-02 00:32:37,497 INFO org.springframework.boot.web.embedded.tomcat.TomcatWebServer [main] Tomcat started on port(s): 8082 (http) with context path ''
2023-04-02 00:32:37,661 INFO org.springframework.boot.StartupInfoLogger [main] Started Demarage in 3.474 seconds (JVM running for 3.852)
2023-04-02 00:32:37,664 INFO ma.pfe.Demarage [main] Access URLs:
----------------------------------------------------------
	Local: 		http://127.0.0.1:8082/swagger-ui/#/
	External: 	http://172.26.224.1:8082/swagger-ui/#/
----------------------------------------------------------
2023-04-02 00:32:39,164 INFO org.apache.juli.logging.DirectJDKLog [http-nio-8082-exec-1] Initializing Spring DispatcherServlet 'dispatcherServlet'
2023-04-02 00:32:39,165 INFO org.springframework.web.servlet.FrameworkServlet [http-nio-8082-exec-1] Initializing Servlet 'dispatcherServlet'
2023-04-02 00:32:39,165 DEBUG org.springframework.web.servlet.DispatcherServlet [http-nio-8082-exec-1] Detected StandardServletMultipartResolver
2023-04-02 00:32:39,165 DEBUG org.springframework.web.servlet.DispatcherServlet [http-nio-8082-exec-1] Detected AcceptHeaderLocaleResolver
2023-04-02 00:32:39,165 DEBUG org.springframework.web.servlet.DispatcherServlet [http-nio-8082-exec-1] Detected FixedThemeResolver
2023-04-02 00:32:39,166 DEBUG org.springframework.web.servlet.DispatcherServlet [http-nio-8082-exec-1] Detected org.springframework.web.servlet.view.DefaultRequestToViewNameTranslator@6fa3def8
2023-04-02 00:32:39,166 DEBUG org.springframework.web.servlet.DispatcherServlet [http-nio-8082-exec-1] Detected org.springframework.web.servlet.support.SessionFlashMapManager@1a336906
2023-04-02 00:32:39,166 DEBUG org.springframework.web.servlet.FrameworkServlet [http-nio-8082-exec-1] enableLoggingRequestDetails='false': request parameters and headers will be masked to prevent unsafe logging of potentially sensitive data
2023-04-02 00:32:39,166 INFO org.springframework.web.servlet.FrameworkServlet [http-nio-8082-exec-1] Completed initialization in 1 ms
2023-04-02 00:32:39,174 DEBUG org.springframework.core.log.LogFormatUtils [http-nio-8082-exec-1] GET "/swagger-resources/configuration/ui", parameters={}
2023-04-02 00:32:39,177 DEBUG org.springframework.web.servlet.handler.AbstractHandlerMapping [http-nio-8082-exec-1] Mapped to springfox.documentation.swagger.web.ApiResourceController#uiConfiguration()
2023-04-02 00:32:39,190 DEBUG org.springframework.web.servlet.mvc.method.annotation.AbstractMessageConverterMethodProcessor [http-nio-8082-exec-1] Using 'application/json', given [application/json] and supported [application/json]
2023-04-02 00:32:39,206 DEBUG org.springframework.core.log.LogFormatUtils [http-nio-8082-exec-1] Writing [springfox.documentation.swagger.web.UiConfiguration@653efe55]
2023-04-02 00:32:39,219 DEBUG org.springframework.web.servlet.FrameworkServlet [http-nio-8082-exec-1] Completed 200 OK
2023-04-02 00:32:39,224 DEBUG org.springframework.core.log.LogFormatUtils [http-nio-8082-exec-2] GET "/swagger-resources/configuration/security", parameters={}
2023-04-02 00:32:39,225 DEBUG org.springframework.web.servlet.handler.AbstractHandlerMapping [http-nio-8082-exec-2] Mapped to springfox.documentation.swagger.web.ApiResourceController#securityConfiguration()
2023-04-02 00:32:39,225 DEBUG org.springframework.web.servlet.mvc.method.annotation.AbstractMessageConverterMethodProcessor [http-nio-8082-exec-2] Using 'application/json', given [application/json] and supported [application/json]
2023-04-02 00:32:39,227 DEBUG org.springframework.core.log.LogFormatUtils [http-nio-8082-exec-2] Writing [springfox.documentation.swagger.web.SecurityConfiguration@7ae5cfc0]
2023-04-02 00:32:39,228 DEBUG org.springframework.web.servlet.FrameworkServlet [http-nio-8082-exec-2] Completed 200 OK
2023-04-02 00:32:39,232 DEBUG org.springframework.core.log.LogFormatUtils [http-nio-8082-exec-3] GET "/swagger-resources", parameters={}
2023-04-02 00:32:39,233 DEBUG org.springframework.web.servlet.handler.AbstractHandlerMapping [http-nio-8082-exec-3] Mapped to springfox.documentation.swagger.web.ApiResourceController#swaggerResources()
2023-04-02 00:32:39,233 DEBUG org.springframework.web.servlet.mvc.method.annotation.AbstractMessageConverterMethodProcessor [http-nio-8082-exec-3] Using 'application/json', given [application/json] and supported [application/json]
2023-04-02 00:32:39,234 DEBUG org.springframework.core.log.LogFormatUtils [http-nio-8082-exec-3] Writing [[springfox.documentation.swagger.web.SwaggerResource@14c31ae8]]
2023-04-02 00:32:39,236 DEBUG org.springframework.web.servlet.FrameworkServlet [http-nio-8082-exec-3] Completed 200 OK
2023-04-02 00:32:39,258 DEBUG org.springframework.core.log.LogFormatUtils [http-nio-8082-exec-4] GET "/v2/api-docs", parameters={}
2023-04-02 00:32:39,259 DEBUG org.springframework.web.servlet.handler.AbstractHandlerMapping [http-nio-8082-exec-4] Mapped to springfox.documentation.swagger2.web.Swagger2ControllerWebMvc#getDocumentation(String, HttpServletRequest)
2023-04-02 00:32:39,327 DEBUG org.springframework.web.servlet.mvc.method.annotation.AbstractMessageConverterMethodProcessor [http-nio-8082-exec-4] Using 'application/json', given [application/json, */*] and supported [application/json, application/hal+json]
2023-04-02 00:32:39,329 DEBUG org.springframework.core.log.LogFormatUtils [http-nio-8082-exec-4] Writing [springfox.documentation.spring.web.json.Json@6ce29a49]
2023-04-02 00:32:39,330 DEBUG org.springframework.web.servlet.FrameworkServlet [http-nio-8082-exec-4] Completed 200 OK
2023-04-02 00:32:46,472 DEBUG org.springframework.core.log.LogFormatUtils [http-nio-8082-exec-5] GET "/Students", parameters={}
2023-04-02 00:32:46,472 DEBUG org.springframework.web.servlet.handler.AbstractHandlerMapping [http-nio-8082-exec-5] Mapped to ma.pfe.controllers.StudentController#selectAll()
2023-04-02 00:32:46,473 DEBUG ma.pfe.controllers.StudentController [http-nio-8082-exec-5] Start --> selectAll in StudentController
2023-04-02 00:32:46,474 DEBUG ma.pfe.services.StudentService [http-nio-8082-exec-5] Start --> selectAll in StudentService
2023-04-02 00:32:46,632 DEBUG org.springframework.web.servlet.mvc.method.annotation.AbstractMessageConverterMethodProcessor [http-nio-8082-exec-5] Using 'application/json', given [*/*] and supported [application/json, application/*+json, application/json, application/*+json]
2023-04-02 00:32:46,632 DEBUG org.springframework.core.log.LogFormatUtils [http-nio-8082-exec-5] Writing [[StudentDTO{name='omar', studentId=StudentIdDTO{id=141, code='AB1231546CD'}, adresse=AdresseDTO{rue= (truncated)...]
2023-04-02 00:32:46,636 DEBUG org.springframework.web.servlet.FrameworkServlet [http-nio-8082-exec-5] Completed 200 OK
2023-04-02 00:33:57,327 DEBUG org.springframework.core.log.LogFormatUtils [http-nio-8082-exec-7] POST "/Students", parameters={}
2023-04-02 00:33:57,328 DEBUG org.springframework.web.servlet.handler.AbstractHandlerMapping [http-nio-8082-exec-7] Mapped to ma.pfe.controllers.StudentController#save(StudentDTO)
2023-04-02 00:33:57,360 DEBUG org.springframework.core.log.LogFormatUtils [http-nio-8082-exec-7] Read "application/json;charset=UTF-8" to [StudentDTO{name='Omar IDRISSI ACHERKI', studentId=StudentIdDTO{id=0, code='1425414'}, adresse=Adress (truncated)...]
2023-04-02 00:33:57,362 DEBUG ma.pfe.controllers.StudentController [http-nio-8082-exec-7] Start --> save in StudentController
2023-04-02 00:33:57,363 DEBUG ma.pfe.controllers.StudentController [http-nio-8082-exec-7] StudentDTO{name='Omar IDRISSI ACHERKI', studentId=StudentIdDTO{id=0, code='1425414'}, adresse=AdresseDTO{rue='R15', avenue='avenu delparacia', number='1203'}, courses=[CoursDTO{id=1, name='JAVA'}, CoursDTO{id=2, name='Odoo'}]}
2023-04-02 00:33:57,363 DEBUG ma.pfe.services.StudentService [http-nio-8082-exec-7] Start --> save in StudentService
2023-04-02 00:33:57,406 DEBUG org.springframework.web.servlet.mvc.method.annotation.AbstractMessageConverterMethodProcessor [http-nio-8082-exec-7] Using 'application/json', given [*/*] and supported [application/json, application/*+json, application/json, application/*+json]
2023-04-02 00:33:57,406 DEBUG org.springframework.core.log.LogFormatUtils [http-nio-8082-exec-7] Writing [0]
2023-04-02 00:33:57,407 DEBUG org.springframework.web.servlet.FrameworkServlet [http-nio-8082-exec-7] Completed 200 OK
2023-04-02 00:34:31,995 DEBUG org.springframework.core.log.LogFormatUtils [http-nio-8082-exec-6] PUT "/Students", parameters={}
2023-04-02 00:34:31,996 DEBUG org.springframework.web.servlet.handler.AbstractHandlerMapping [http-nio-8082-exec-6] Mapped to ma.pfe.controllers.StudentController#update(StudentDTO)
2023-04-02 00:34:31,997 DEBUG org.springframework.core.log.LogFormatUtils [http-nio-8082-exec-6] Read "application/json;charset=UTF-8" to [StudentDTO{name='omar idrissi', studentId=StudentIdDTO{id=0, code='code1'}, adresse=AdresseDTO{rue=' (truncated)...]
2023-04-02 00:34:31,998 DEBUG ma.pfe.controllers.StudentController [http-nio-8082-exec-6] Start --> update in StudentController
2023-04-02 00:34:31,998 DEBUG ma.pfe.services.StudentService [http-nio-8082-exec-6] Start --> update in StudentService
2023-04-02 00:34:32,013 DEBUG org.springframework.web.servlet.mvc.method.annotation.AbstractMessageConverterMethodProcessor [http-nio-8082-exec-6] Using 'application/json', given [*/*] and supported [application/json, application/*+json, application/json, application/*+json]
2023-04-02 00:34:32,014 DEBUG org.springframework.core.log.LogFormatUtils [http-nio-8082-exec-6] Writing [0]
2023-04-02 00:34:32,015 DEBUG org.springframework.web.servlet.FrameworkServlet [http-nio-8082-exec-6] Completed 200 OK
2023-04-02 00:35:07,850 DEBUG org.springframework.core.log.LogFormatUtils [http-nio-8082-exec-9] GET "/Students/0/1425414", parameters={}
2023-04-02 00:35:07,851 DEBUG org.springframework.web.servlet.handler.AbstractHandlerMapping [http-nio-8082-exec-9] Mapped to ma.pfe.controllers.StudentController#selectById(long, String)
2023-04-02 00:35:07,857 DEBUG ma.pfe.controllers.StudentController [http-nio-8082-exec-9] Start --> method select by id 0 , code 1425414 in StudentController
2023-04-02 00:35:07,864 DEBUG org.springframework.web.servlet.mvc.method.annotation.AbstractMessageConverterMethodProcessor [http-nio-8082-exec-9] Using 'application/json', given [*/*] and supported [application/json, application/*+json, application/json, application/*+json]
2023-04-02 00:35:07,864 DEBUG org.springframework.core.log.LogFormatUtils [http-nio-8082-exec-9] Writing [StudentDTO{name='Omar IDRISSI ACHERKI', studentId=StudentIdDTO{id=0, code='1425414'}, adresse=Adress (truncated)...]
2023-04-02 00:35:07,865 DEBUG org.springframework.web.servlet.FrameworkServlet [http-nio-8082-exec-9] Completed 200 OK
2023-04-02 00:35:42,838 DEBUG org.springframework.core.log.LogFormatUtils [http-nio-8082-exec-10] DELETE "/Students/0/string", parameters={}
2023-04-02 00:35:42,839 DEBUG org.springframework.web.servlet.handler.AbstractHandlerMapping [http-nio-8082-exec-10] Mapped to ma.pfe.controllers.StudentController#deleteById(long, String)
2023-04-02 00:35:42,839 DEBUG ma.pfe.controllers.StudentController [http-nio-8082-exec-10] Start --> method select by id = 0 and code = string in StudentController
2023-04-02 00:35:42,840 DEBUG ma.pfe.services.StudentService [http-nio-8082-exec-10] Start --> deleteById in StudentService
2023-04-02 00:35:42,851 DEBUG org.springframework.web.servlet.mvc.method.annotation.AbstractMessageConverterMethodProcessor [http-nio-8082-exec-10] Using 'application/json', given [*/*] and supported [application/json, application/*+json, application/json, application/*+json]
2023-04-02 00:35:42,852 DEBUG org.springframework.core.log.LogFormatUtils [http-nio-8082-exec-10] Writing [true]
2023-04-02 00:35:42,852 DEBUG org.springframework.web.servlet.FrameworkServlet [http-nio-8082-exec-10] Completed 200 OK
2023-04-02 00:35:56,284 INFO org.springframework.orm.jpa.AbstractEntityManagerFactoryBean [SpringApplicationShutdownHook] Closing JPA EntityManagerFactory for persistence unit 'default'
2023-04-02 00:35:56,286 INFO com.zaxxer.hikari.HikariDataSource [SpringApplicationShutdownHook] HikariPool-1 - Shutdown initiated...
2023-04-02 00:35:56,288 INFO com.zaxxer.hikari.HikariDataSource [SpringApplicationShutdownHook] HikariPool-1 - Shutdown completed.
