2023-04-01 13:57:10,377 INFO org.springframework.boot.StartupInfoLogger [main] Starting Demarage using Java 1.8.0_362 on DESKTOP-VLQJ05K with PID 12024 (C:\Users\idris\OneDrive\Bureau\git\TPComponentsSpringIOC\target\classes started by idris in C:\Users\idris\OneDrive\Bureau\git\TPComponentsSpringIOC)
2023-04-01 13:57:10,380 DEBUG org.springframework.boot.StartupInfoLogger [main] Running with Spring Boot v2.5.1, Spring v5.3.8
2023-04-01 13:57:10,380 INFO org.springframework.boot.SpringApplication [main] The following profiles are active: local
2023-04-01 13:57:11,022 INFO org.springframework.data.repository.config.RepositoryConfigurationDelegate [main] Bootstrapping Spring Data JPA repositories in DEFAULT mode.
2023-04-01 13:57:11,070 INFO org.springframework.data.repository.config.RepositoryConfigurationDelegate [main] Finished Spring Data repository scanning in 40 ms. Found 1 JPA repository interfaces.
2023-04-01 13:57:11,634 INFO org.springframework.boot.web.embedded.tomcat.TomcatWebServer [main] Tomcat initialized with port(s): 8082 (http)
2023-04-01 13:57:11,642 INFO org.apache.juli.logging.DirectJDKLog [main] Initializing ProtocolHandler ["http-nio-8082"]
2023-04-01 13:57:11,642 INFO org.apache.juli.logging.DirectJDKLog [main] Starting service [Tomcat]
2023-04-01 13:57:11,643 INFO org.apache.juli.logging.DirectJDKLog [main] Starting Servlet engine: [Apache Tomcat/9.0.46]
2023-04-01 13:57:11,701 INFO org.apache.juli.logging.DirectJDKLog [main] Initializing Spring embedded WebApplicationContext
2023-04-01 13:57:11,701 INFO org.springframework.boot.web.servlet.context.ServletWebServerApplicationContext [main] Root WebApplicationContext: initialization completed in 1288 ms
2023-04-01 13:57:11,807 INFO com.zaxxer.hikari.HikariDataSource [main] HikariPool-1 - Starting...
2023-04-01 13:57:12,031 INFO com.zaxxer.hikari.pool.PoolBase [main] HikariPool-1 - Driver does not support get/set network timeout for connections. (com.mysql.jdbc.JDBC4Connection.getNetworkTimeout()I)
2023-04-01 13:57:12,035 INFO com.zaxxer.hikari.HikariDataSource [main] HikariPool-1 - Start completed.
2023-04-01 13:57:12,135 INFO org.hibernate.jpa.internal.util.LogHelper [main] HHH000204: Processing PersistenceUnitInfo [name: default]
2023-04-01 13:57:12,192 INFO org.hibernate.Version [main] HHH000412: Hibernate ORM core version 5.4.32.Final
2023-04-01 13:57:12,339 INFO org.hibernate.annotations.common.reflection.java.JavaReflectionManager [main] HCANN000001: Hibernate Commons Annotations {5.1.2.Final}
2023-04-01 13:57:12,441 INFO org.hibernate.dialect.Dialect [main] HHH000400: Using dialect: org.hibernate.dialect.MySQL57Dialect
2023-04-01 13:57:12,974 INFO org.hibernate.engine.transaction.jta.platform.internal.JtaPlatformInitiator [main] HHH000490: Using JtaPlatform implementation: [org.hibernate.engine.transaction.jta.platform.internal.NoJtaPlatform]
2023-04-01 13:57:12,982 INFO org.springframework.orm.jpa.AbstractEntityManagerFactoryBean [main] Initialized JPA EntityManagerFactory for persistence unit 'default'
2023-04-01 13:57:13,297 WARN org.springframework.boot.autoconfigure.orm.jpa.JpaBaseConfiguration$JpaWebConfiguration [main] spring.jpa.open-in-view is enabled by default. Therefore, database queries may be performed during view rendering. Explicitly configure spring.jpa.open-in-view to disable this warning
2023-04-01 13:57:13,388 DEBUG org.springframework.web.servlet.handler.AbstractHandlerMethodMapping [main] 11 mappings in 'requestMappingHandlerMapping'
2023-04-01 13:57:13,547 DEBUG org.springframework.web.servlet.mvc.method.annotation.RequestMappingHandlerAdapter [main] ControllerAdvice beans: 0 @ModelAttribute, 0 @InitBinder, 1 RequestBodyAdvice, 1 ResponseBodyAdvice
2023-04-01 13:57:13,589 DEBUG org.springframework.web.servlet.handler.SimpleUrlHandlerMapping [main] Patterns [/swagger-ui/] in 'viewControllerHandlerMapping'
2023-04-01 13:57:13,605 DEBUG org.springframework.web.servlet.handler.SimpleUrlHandlerMapping [main] Patterns [/webjars/**, /**, /swagger-ui/**] in 'resourceHandlerMapping'
2023-04-01 13:57:13,610 DEBUG org.springframework.web.servlet.mvc.method.annotation.ExceptionHandlerExceptionResolver [main] ControllerAdvice beans: 0 @ExceptionHandler, 1 ResponseBodyAdvice
2023-04-01 13:57:13,782 INFO org.springframework.boot.web.embedded.tomcat.TomcatWebServer [main] Tomcat started on port(s): 8082 (http) with context path ''
2023-04-01 13:57:13,940 INFO org.springframework.boot.StartupInfoLogger [main] Started Demarage in 3.906 seconds (JVM running for 4.478)
2023-04-01 13:57:13,942 INFO ma.pfe.Demarage [main] Access URLs:
----------------------------------------------------------
	Local: 		http://127.0.0.1:8082/swagger-ui/#/
	External: 	http://192.168.83.1:8082/swagger-ui/#/
----------------------------------------------------------
2023-04-01 13:57:14,091 INFO org.springframework.orm.jpa.AbstractEntityManagerFactoryBean [SpringApplicationShutdownHook] Closing JPA EntityManagerFactory for persistence unit 'default'
2023-04-01 13:57:14,092 INFO com.zaxxer.hikari.HikariDataSource [SpringApplicationShutdownHook] HikariPool-1 - Shutdown initiated...
2023-04-01 13:57:14,095 INFO com.zaxxer.hikari.HikariDataSource [SpringApplicationShutdownHook] HikariPool-1 - Shutdown completed.
2023-04-01 15:21:48,072 INFO org.springframework.boot.StartupInfoLogger [main] Starting Demarage using Java 1.8.0_362 on DESKTOP-VLQJ05K with PID 9296 (C:\Users\idris\OneDrive\Bureau\git\TPComponentsSpringIOC\target\classes started by idris in C:\Users\idris\OneDrive\Bureau\git\TPComponentsSpringIOC)
2023-04-01 15:21:48,074 DEBUG org.springframework.boot.StartupInfoLogger [main] Running with Spring Boot v2.5.1, Spring v5.3.8
2023-04-01 15:21:48,075 INFO org.springframework.boot.SpringApplication [main] The following profiles are active: local
2023-04-01 15:21:48,661 INFO org.springframework.data.repository.config.RepositoryConfigurationDelegate [main] Bootstrapping Spring Data JPA repositories in DEFAULT mode.
2023-04-01 15:21:48,703 INFO org.springframework.data.repository.config.RepositoryConfigurationDelegate [main] Finished Spring Data repository scanning in 33 ms. Found 1 JPA repository interfaces.
2023-04-01 15:21:49,259 INFO org.springframework.boot.web.embedded.tomcat.TomcatWebServer [main] Tomcat initialized with port(s): 8082 (http)
2023-04-01 15:21:49,268 INFO org.apache.juli.logging.DirectJDKLog [main] Initializing ProtocolHandler ["http-nio-8082"]
2023-04-01 15:21:49,268 INFO org.apache.juli.logging.DirectJDKLog [main] Starting service [Tomcat]
2023-04-01 15:21:49,269 INFO org.apache.juli.logging.DirectJDKLog [main] Starting Servlet engine: [Apache Tomcat/9.0.46]
2023-04-01 15:21:49,325 INFO org.apache.juli.logging.DirectJDKLog [main] Initializing Spring embedded WebApplicationContext
2023-04-01 15:21:49,326 INFO org.springframework.boot.web.servlet.context.ServletWebServerApplicationContext [main] Root WebApplicationContext: initialization completed in 1218 ms
2023-04-01 15:21:49,399 INFO com.zaxxer.hikari.HikariDataSource [main] HikariPool-1 - Starting...
2023-04-01 15:21:49,564 INFO com.zaxxer.hikari.pool.PoolBase [main] HikariPool-1 - Driver does not support get/set network timeout for connections. (com.mysql.jdbc.JDBC4Connection.getNetworkTimeout()I)
2023-04-01 15:21:49,566 INFO com.zaxxer.hikari.HikariDataSource [main] HikariPool-1 - Start completed.
2023-04-01 15:21:49,652 INFO org.hibernate.jpa.internal.util.LogHelper [main] HHH000204: Processing PersistenceUnitInfo [name: default]
2023-04-01 15:21:49,688 INFO org.hibernate.Version [main] HHH000412: Hibernate ORM core version 5.4.32.Final
2023-04-01 15:21:49,785 INFO org.hibernate.annotations.common.reflection.java.JavaReflectionManager [main] HCANN000001: Hibernate Commons Annotations {5.1.2.Final}
2023-04-01 15:21:49,861 INFO org.hibernate.dialect.Dialect [main] HHH000400: Using dialect: org.hibernate.dialect.MySQL57Dialect
2023-04-01 15:21:50,297 INFO org.hibernate.engine.transaction.jta.platform.internal.JtaPlatformInitiator [main] HHH000490: Using JtaPlatform implementation: [org.hibernate.engine.transaction.jta.platform.internal.NoJtaPlatform]
2023-04-01 15:21:50,304 INFO org.springframework.orm.jpa.AbstractEntityManagerFactoryBean [main] Initialized JPA EntityManagerFactory for persistence unit 'default'
2023-04-01 15:21:50,657 WARN org.springframework.boot.autoconfigure.orm.jpa.JpaBaseConfiguration$JpaWebConfiguration [main] spring.jpa.open-in-view is enabled by default. Therefore, database queries may be performed during view rendering. Explicitly configure spring.jpa.open-in-view to disable this warning
2023-04-01 15:21:50,752 DEBUG org.springframework.web.servlet.handler.AbstractHandlerMethodMapping [main] 12 mappings in 'requestMappingHandlerMapping'
2023-04-01 15:21:50,924 DEBUG org.springframework.web.servlet.mvc.method.annotation.RequestMappingHandlerAdapter [main] ControllerAdvice beans: 0 @ModelAttribute, 0 @InitBinder, 1 RequestBodyAdvice, 1 ResponseBodyAdvice
2023-04-01 15:21:50,967 DEBUG org.springframework.web.servlet.handler.SimpleUrlHandlerMapping [main] Patterns [/swagger-ui/] in 'viewControllerHandlerMapping'
2023-04-01 15:21:50,982 DEBUG org.springframework.web.servlet.handler.SimpleUrlHandlerMapping [main] Patterns [/webjars/**, /**, /swagger-ui/**] in 'resourceHandlerMapping'
2023-04-01 15:21:50,988 DEBUG org.springframework.web.servlet.mvc.method.annotation.ExceptionHandlerExceptionResolver [main] ControllerAdvice beans: 0 @ExceptionHandler, 1 ResponseBodyAdvice
2023-04-01 15:21:51,064 INFO org.apache.juli.logging.DirectJDKLog [main] Starting ProtocolHandler ["http-nio-8082"]
2023-04-01 15:21:51,083 INFO org.springframework.boot.web.embedded.tomcat.TomcatWebServer [main] Tomcat started on port(s): 8082 (http) with context path ''
2023-04-01 15:21:51,342 INFO org.springframework.boot.StartupInfoLogger [main] Started Demarage in 3.598 seconds (JVM running for 3.966)
2023-04-01 15:21:51,344 INFO ma.pfe.Demarage [main] Access URLs:
----------------------------------------------------------
	Local: 		http://127.0.0.1:8082/swagger-ui/#/
	External: 	http://192.168.83.1:8082/swagger-ui/#/
----------------------------------------------------------
2023-04-01 15:21:53,289 INFO org.apache.juli.logging.DirectJDKLog [http-nio-8082-exec-1] Initializing Spring DispatcherServlet 'dispatcherServlet'
2023-04-01 15:21:53,289 INFO org.springframework.web.servlet.FrameworkServlet [http-nio-8082-exec-1] Initializing Servlet 'dispatcherServlet'
2023-04-01 15:21:53,289 DEBUG org.springframework.web.servlet.DispatcherServlet [http-nio-8082-exec-1] Detected StandardServletMultipartResolver
2023-04-01 15:21:53,289 DEBUG org.springframework.web.servlet.DispatcherServlet [http-nio-8082-exec-1] Detected AcceptHeaderLocaleResolver
2023-04-01 15:21:53,289 DEBUG org.springframework.web.servlet.DispatcherServlet [http-nio-8082-exec-1] Detected FixedThemeResolver
2023-04-01 15:21:53,290 DEBUG org.springframework.web.servlet.DispatcherServlet [http-nio-8082-exec-1] Detected org.springframework.web.servlet.view.DefaultRequestToViewNameTranslator@4a944af9
2023-04-01 15:21:53,290 DEBUG org.springframework.web.servlet.DispatcherServlet [http-nio-8082-exec-1] Detected org.springframework.web.servlet.support.SessionFlashMapManager@fd5689d
2023-04-01 15:21:53,290 DEBUG org.springframework.web.servlet.FrameworkServlet [http-nio-8082-exec-1] enableLoggingRequestDetails='false': request parameters and headers will be masked to prevent unsafe logging of potentially sensitive data
2023-04-01 15:21:53,290 INFO org.springframework.web.servlet.FrameworkServlet [http-nio-8082-exec-1] Completed initialization in 1 ms
2023-04-01 15:21:53,299 DEBUG org.springframework.core.log.LogFormatUtils [http-nio-8082-exec-1] GET "/swagger-ui/", parameters={}
2023-04-01 15:21:53,304 DEBUG org.springframework.web.servlet.handler.AbstractHandlerMapping [http-nio-8082-exec-1] Mapped to ParameterizableViewController [view="forward:/swagger-ui/index.html"]
2023-04-01 15:21:53,308 DEBUG org.springframework.web.servlet.view.ContentNegotiatingViewResolver [http-nio-8082-exec-1] Selected 'text/html' given [text/html, application/xhtml+xml, image/avif, image/webp, image/apng, application/xml;q=0.9, application/signed-exchange;v=b3;q=0.7, */*;q=0.8]
2023-04-01 15:21:53,309 DEBUG org.springframework.web.servlet.view.AbstractView [http-nio-8082-exec-1] View name 'forward:', model {}
2023-04-01 15:21:53,310 DEBUG org.springframework.web.servlet.view.InternalResourceView [http-nio-8082-exec-1] Forwarding to [/swagger-ui/index.html]
2023-04-01 15:21:53,312 DEBUG org.springframework.core.log.LogFormatUtils [http-nio-8082-exec-1] "FORWARD" dispatch for GET "/swagger-ui/index.html", parameters={}
2023-04-01 15:21:53,313 DEBUG org.springframework.web.servlet.handler.AbstractHandlerMapping [http-nio-8082-exec-1] Mapped to ResourceHttpRequestHandler [Classpath [META-INF/resources/webjars/springfox-swagger-ui/]]
2023-04-01 15:21:53,316 DEBUG org.springframework.web.servlet.FrameworkServlet [http-nio-8082-exec-1] Exiting from "FORWARD" dispatch, status 304
2023-04-01 15:21:53,316 DEBUG org.springframework.web.servlet.FrameworkServlet [http-nio-8082-exec-1] Completed 304 NOT_MODIFIED
2023-04-01 15:21:53,344 DEBUG org.springframework.core.log.LogFormatUtils [http-nio-8082-exec-4] GET "/swagger-ui/springfox.css?v=3.0.0", parameters={masked}
2023-04-01 15:21:53,344 DEBUG org.springframework.core.log.LogFormatUtils [http-nio-8082-exec-2] GET "/swagger-ui/swagger-ui-bundle.js?v=3.0.0", parameters={masked}
2023-04-01 15:21:53,344 DEBUG org.springframework.core.log.LogFormatUtils [http-nio-8082-exec-6] GET "/swagger-ui/springfox.js?v=3.0.0", parameters={masked}
2023-04-01 15:21:53,345 DEBUG org.springframework.core.log.LogFormatUtils [http-nio-8082-exec-7] GET "/swagger-ui/swagger-ui-standalone-preset.js?v=3.0.0", parameters={masked}
2023-04-01 15:21:53,344 DEBUG org.springframework.core.log.LogFormatUtils [http-nio-8082-exec-3] GET "/swagger-ui/swagger-ui.css?v=3.0.0", parameters={masked}
2023-04-01 15:21:53,345 DEBUG org.springframework.web.servlet.handler.AbstractHandlerMapping [http-nio-8082-exec-7] Mapped to ResourceHttpRequestHandler [Classpath [META-INF/resources/webjars/springfox-swagger-ui/]]
2023-04-01 15:21:53,345 DEBUG org.springframework.web.servlet.handler.AbstractHandlerMapping [http-nio-8082-exec-2] Mapped to ResourceHttpRequestHandler [Classpath [META-INF/resources/webjars/springfox-swagger-ui/]]
2023-04-01 15:21:53,345 DEBUG org.springframework.web.servlet.handler.AbstractHandlerMapping [http-nio-8082-exec-4] Mapped to ResourceHttpRequestHandler [Classpath [META-INF/resources/webjars/springfox-swagger-ui/]]
2023-04-01 15:21:53,346 DEBUG org.springframework.web.servlet.handler.AbstractHandlerMapping [http-nio-8082-exec-6] Mapped to ResourceHttpRequestHandler [Classpath [META-INF/resources/webjars/springfox-swagger-ui/]]
2023-04-01 15:21:53,346 DEBUG org.springframework.web.servlet.handler.AbstractHandlerMapping [http-nio-8082-exec-3] Mapped to ResourceHttpRequestHandler [Classpath [META-INF/resources/webjars/springfox-swagger-ui/]]
2023-04-01 15:21:53,347 DEBUG org.springframework.web.servlet.FrameworkServlet [http-nio-8082-exec-4] Completed 304 NOT_MODIFIED
2023-04-01 15:21:53,348 DEBUG org.springframework.web.servlet.FrameworkServlet [http-nio-8082-exec-3] Completed 304 NOT_MODIFIED
2023-04-01 15:21:53,362 DEBUG org.springframework.web.servlet.FrameworkServlet [http-nio-8082-exec-6] Completed 200 OK
2023-04-01 15:21:53,365 DEBUG org.springframework.web.servlet.FrameworkServlet [http-nio-8082-exec-7] Completed 200 OK
2023-04-01 15:21:53,373 DEBUG org.springframework.web.servlet.FrameworkServlet [http-nio-8082-exec-2] Completed 200 OK
2023-04-01 15:21:53,564 DEBUG org.springframework.core.log.LogFormatUtils [http-nio-8082-exec-5] GET "/swagger-resources/configuration/ui", parameters={}
2023-04-01 15:21:53,566 DEBUG org.springframework.core.log.LogFormatUtils [http-nio-8082-exec-8] GET "/swagger-ui/favicon-32x32.png?v=3.0.0", parameters={masked}
2023-04-01 15:21:53,566 DEBUG org.springframework.web.servlet.handler.AbstractHandlerMapping [http-nio-8082-exec-5] Mapped to springfox.documentation.swagger.web.ApiResourceController#uiConfiguration()
2023-04-01 15:21:53,566 DEBUG org.springframework.web.servlet.handler.AbstractHandlerMapping [http-nio-8082-exec-8] Mapped to ResourceHttpRequestHandler [Classpath [META-INF/resources/webjars/springfox-swagger-ui/]]
2023-04-01 15:21:53,569 DEBUG org.springframework.web.servlet.FrameworkServlet [http-nio-8082-exec-8] Completed 200 OK
2023-04-01 15:21:53,577 DEBUG org.springframework.web.servlet.mvc.method.annotation.AbstractMessageConverterMethodProcessor [http-nio-8082-exec-5] Using 'application/json', given [application/json] and supported [application/json]
2023-04-01 15:21:53,598 DEBUG org.springframework.core.log.LogFormatUtils [http-nio-8082-exec-5] Writing [springfox.documentation.swagger.web.UiConfiguration@7194df1a]
2023-04-01 15:21:53,607 DEBUG org.springframework.web.servlet.FrameworkServlet [http-nio-8082-exec-5] Completed 200 OK
2023-04-01 15:21:53,614 DEBUG org.springframework.core.log.LogFormatUtils [http-nio-8082-exec-9] GET "/swagger-resources/configuration/security", parameters={}
2023-04-01 15:21:53,615 DEBUG org.springframework.web.servlet.handler.AbstractHandlerMapping [http-nio-8082-exec-9] Mapped to springfox.documentation.swagger.web.ApiResourceController#securityConfiguration()
2023-04-01 15:21:53,615 DEBUG org.springframework.web.servlet.mvc.method.annotation.AbstractMessageConverterMethodProcessor [http-nio-8082-exec-9] Using 'application/json', given [application/json] and supported [application/json]
2023-04-01 15:21:53,618 DEBUG org.springframework.core.log.LogFormatUtils [http-nio-8082-exec-9] Writing [springfox.documentation.swagger.web.SecurityConfiguration@adaf77a]
2023-04-01 15:21:53,618 DEBUG org.springframework.web.servlet.FrameworkServlet [http-nio-8082-exec-9] Completed 200 OK
2023-04-01 15:21:53,624 DEBUG org.springframework.core.log.LogFormatUtils [http-nio-8082-exec-10] GET "/swagger-resources", parameters={}
2023-04-01 15:21:53,625 DEBUG org.springframework.web.servlet.handler.AbstractHandlerMapping [http-nio-8082-exec-10] Mapped to springfox.documentation.swagger.web.ApiResourceController#swaggerResources()
2023-04-01 15:21:53,625 DEBUG org.springframework.web.servlet.mvc.method.annotation.AbstractMessageConverterMethodProcessor [http-nio-8082-exec-10] Using 'application/json', given [application/json] and supported [application/json]
2023-04-01 15:21:53,626 DEBUG org.springframework.core.log.LogFormatUtils [http-nio-8082-exec-10] Writing [[springfox.documentation.swagger.web.SwaggerResource@4b6f6013]]
2023-04-01 15:21:53,628 DEBUG org.springframework.web.servlet.FrameworkServlet [http-nio-8082-exec-10] Completed 200 OK
2023-04-01 15:21:53,653 DEBUG org.springframework.core.log.LogFormatUtils [http-nio-8082-exec-1] GET "/v2/api-docs", parameters={}
2023-04-01 15:21:53,654 DEBUG org.springframework.web.servlet.handler.AbstractHandlerMapping [http-nio-8082-exec-1] Mapped to springfox.documentation.swagger2.web.Swagger2ControllerWebMvc#getDocumentation(String, HttpServletRequest)
2023-04-01 15:21:53,723 DEBUG org.springframework.web.servlet.mvc.method.annotation.AbstractMessageConverterMethodProcessor [http-nio-8082-exec-1] Using 'application/json', given [application/json, */*] and supported [application/json, application/hal+json]
2023-04-01 15:21:53,725 DEBUG org.springframework.core.log.LogFormatUtils [http-nio-8082-exec-1] Writing [springfox.documentation.spring.web.json.Json@6193632d]
2023-04-01 15:21:53,725 DEBUG org.springframework.web.servlet.FrameworkServlet [http-nio-8082-exec-1] Completed 200 OK
2023-04-01 15:22:42,480 DEBUG org.springframework.core.log.LogFormatUtils [http-nio-8082-exec-4] GET "/Students/0/string", parameters={}
2023-04-01 15:22:42,481 DEBUG org.springframework.web.servlet.handler.AbstractHandlerMapping [http-nio-8082-exec-4] Mapped to ma.pfe.controllers.StudentController#selectById(long, String)
2023-04-01 15:22:42,489 DEBUG ma.pfe.controllers.StudentController [http-nio-8082-exec-4] start method select by id 0 , code string 
2023-04-01 15:22:42,545 DEBUG org.springframework.web.servlet.mvc.method.annotation.AbstractMessageConverterMethodProcessor [http-nio-8082-exec-4] Using 'application/json', given [*/*] and supported [application/json, application/*+json, application/json, application/*+json]
2023-04-01 15:22:42,545 DEBUG org.springframework.core.log.LogFormatUtils [http-nio-8082-exec-4] Writing [StudentDTO{name='string', studentId=ma.pfe.dtos.StudentIdDTO@2097013c, adresse=AdresseDTO{rue='strin (truncated)...]
2023-04-01 15:22:42,547 DEBUG org.springframework.web.servlet.FrameworkServlet [http-nio-8082-exec-4] Completed 200 OK
2023-04-01 15:23:17,002 DEBUG org.springframework.core.log.LogFormatUtils [http-nio-8082-exec-8] GET "/Students/141/AB1231546CD", parameters={}
2023-04-01 15:23:17,003 DEBUG org.springframework.web.servlet.handler.AbstractHandlerMapping [http-nio-8082-exec-8] Mapped to ma.pfe.controllers.StudentController#selectById(long, String)
2023-04-01 15:23:17,004 DEBUG ma.pfe.controllers.StudentController [http-nio-8082-exec-8] start method select by id 141 , code AB1231546CD 
2023-04-01 15:23:17,007 DEBUG org.springframework.web.servlet.mvc.method.annotation.AbstractMessageConverterMethodProcessor [http-nio-8082-exec-8] Using 'application/json', given [*/*] and supported [application/json, application/*+json, application/json, application/*+json]
2023-04-01 15:23:17,007 DEBUG org.springframework.core.log.LogFormatUtils [http-nio-8082-exec-8] Writing [StudentDTO{name='omar', studentId=ma.pfe.dtos.StudentIdDTO@58184b51, adresse=AdresseDTO{rue='zzzzzzz (truncated)...]
2023-04-01 15:23:17,008 DEBUG org.springframework.web.servlet.FrameworkServlet [http-nio-8082-exec-8] Completed 200 OK
2023-04-01 15:25:51,901 INFO org.springframework.orm.jpa.AbstractEntityManagerFactoryBean [SpringApplicationShutdownHook] Closing JPA EntityManagerFactory for persistence unit 'default'
2023-04-01 15:25:51,902 INFO com.zaxxer.hikari.HikariDataSource [SpringApplicationShutdownHook] HikariPool-1 - Shutdown initiated...
2023-04-01 15:25:51,905 INFO com.zaxxer.hikari.HikariDataSource [SpringApplicationShutdownHook] HikariPool-1 - Shutdown completed.
2023-04-01 15:26:21,908 INFO org.springframework.boot.StartupInfoLogger [main] Starting Demarage using Java 1.8.0_362 on DESKTOP-VLQJ05K with PID 22560 (C:\Users\idris\OneDrive\Bureau\git\TPComponentsSpringIOC\target\classes started by idris in C:\Users\idris\OneDrive\Bureau\git\TPComponentsSpringIOC)
2023-04-01 15:26:21,910 DEBUG org.springframework.boot.StartupInfoLogger [main] Running with Spring Boot v2.5.1, Spring v5.3.8
2023-04-01 15:26:21,911 INFO org.springframework.boot.SpringApplication [main] The following profiles are active: local
2023-04-01 15:26:22,479 INFO org.springframework.data.repository.config.RepositoryConfigurationDelegate [main] Bootstrapping Spring Data JPA repositories in DEFAULT mode.
2023-04-01 15:26:22,518 INFO org.springframework.data.repository.config.RepositoryConfigurationDelegate [main] Finished Spring Data repository scanning in 33 ms. Found 1 JPA repository interfaces.
2023-04-01 15:26:23,067 INFO org.springframework.boot.web.embedded.tomcat.TomcatWebServer [main] Tomcat initialized with port(s): 8082 (http)
2023-04-01 15:26:23,075 INFO org.apache.juli.logging.DirectJDKLog [main] Initializing ProtocolHandler ["http-nio-8082"]
2023-04-01 15:26:23,075 INFO org.apache.juli.logging.DirectJDKLog [main] Starting service [Tomcat]
2023-04-01 15:26:23,075 INFO org.apache.juli.logging.DirectJDKLog [main] Starting Servlet engine: [Apache Tomcat/9.0.46]
2023-04-01 15:26:23,132 INFO org.apache.juli.logging.DirectJDKLog [main] Initializing Spring embedded WebApplicationContext
2023-04-01 15:26:23,132 INFO org.springframework.boot.web.servlet.context.ServletWebServerApplicationContext [main] Root WebApplicationContext: initialization completed in 1187 ms
2023-04-01 15:26:23,234 INFO com.zaxxer.hikari.HikariDataSource [main] HikariPool-1 - Starting...
2023-04-01 15:26:23,366 INFO com.zaxxer.hikari.pool.PoolBase [main] HikariPool-1 - Driver does not support get/set network timeout for connections. (com.mysql.jdbc.JDBC4Connection.getNetworkTimeout()I)
2023-04-01 15:26:23,368 INFO com.zaxxer.hikari.HikariDataSource [main] HikariPool-1 - Start completed.
2023-04-01 15:26:23,450 INFO org.hibernate.jpa.internal.util.LogHelper [main] HHH000204: Processing PersistenceUnitInfo [name: default]
2023-04-01 15:26:23,487 INFO org.hibernate.Version [main] HHH000412: Hibernate ORM core version 5.4.32.Final
2023-04-01 15:26:23,585 INFO org.hibernate.annotations.common.reflection.java.JavaReflectionManager [main] HCANN000001: Hibernate Commons Annotations {5.1.2.Final}
2023-04-01 15:26:23,661 INFO org.hibernate.dialect.Dialect [main] HHH000400: Using dialect: org.hibernate.dialect.MySQL57Dialect
2023-04-01 15:26:24,095 INFO org.hibernate.engine.transaction.jta.platform.internal.JtaPlatformInitiator [main] HHH000490: Using JtaPlatform implementation: [org.hibernate.engine.transaction.jta.platform.internal.NoJtaPlatform]
2023-04-01 15:26:24,102 INFO org.springframework.orm.jpa.AbstractEntityManagerFactoryBean [main] Initialized JPA EntityManagerFactory for persistence unit 'default'
2023-04-01 15:26:24,432 WARN org.springframework.boot.autoconfigure.orm.jpa.JpaBaseConfiguration$JpaWebConfiguration [main] spring.jpa.open-in-view is enabled by default. Therefore, database queries may be performed during view rendering. Explicitly configure spring.jpa.open-in-view to disable this warning
2023-04-01 15:26:24,514 DEBUG org.springframework.web.servlet.handler.AbstractHandlerMethodMapping [main] 12 mappings in 'requestMappingHandlerMapping'
2023-04-01 15:26:24,677 DEBUG org.springframework.web.servlet.mvc.method.annotation.RequestMappingHandlerAdapter [main] ControllerAdvice beans: 0 @ModelAttribute, 0 @InitBinder, 1 RequestBodyAdvice, 1 ResponseBodyAdvice
2023-04-01 15:26:24,729 DEBUG org.springframework.web.servlet.handler.SimpleUrlHandlerMapping [main] Patterns [/swagger-ui/] in 'viewControllerHandlerMapping'
2023-04-01 15:26:24,749 DEBUG org.springframework.web.servlet.handler.SimpleUrlHandlerMapping [main] Patterns [/webjars/**, /**, /swagger-ui/**] in 'resourceHandlerMapping'
2023-04-01 15:26:24,759 DEBUG org.springframework.web.servlet.mvc.method.annotation.ExceptionHandlerExceptionResolver [main] ControllerAdvice beans: 0 @ExceptionHandler, 1 ResponseBodyAdvice
2023-04-01 15:26:24,912 INFO org.apache.juli.logging.DirectJDKLog [main] Starting ProtocolHandler ["http-nio-8082"]
2023-04-01 15:26:24,930 INFO org.springframework.boot.web.embedded.tomcat.TomcatWebServer [main] Tomcat started on port(s): 8082 (http) with context path ''
2023-04-01 15:26:25,115 INFO org.springframework.boot.StartupInfoLogger [main] Started Demarage in 3.533 seconds (JVM running for 3.952)
2023-04-01 15:26:25,118 INFO ma.pfe.Demarage [main] Access URLs:
----------------------------------------------------------
	Local: 		http://127.0.0.1:8082/swagger-ui/#/
	External: 	http://192.168.83.1:8082/swagger-ui/#/
----------------------------------------------------------
2023-04-01 17:10:26,375 INFO org.springframework.orm.jpa.AbstractEntityManagerFactoryBean [SpringApplicationShutdownHook] Closing JPA EntityManagerFactory for persistence unit 'default'
2023-04-01 17:10:26,386 INFO com.zaxxer.hikari.HikariDataSource [SpringApplicationShutdownHook] HikariPool-1 - Shutdown initiated...
2023-04-01 17:10:26,406 INFO com.zaxxer.hikari.HikariDataSource [SpringApplicationShutdownHook] HikariPool-1 - Shutdown completed.
2023-04-01 17:10:29,298 INFO org.springframework.boot.StartupInfoLogger [main] Starting Demarage using Java 1.8.0_362 on DESKTOP-VLQJ05K with PID 10784 (C:\Users\idris\OneDrive\Bureau\git\TPComponentsSpringIOC\target\classes started by idris in C:\Users\idris\OneDrive\Bureau\git\TPComponentsSpringIOC)
2023-04-01 17:10:29,300 DEBUG org.springframework.boot.StartupInfoLogger [main] Running with Spring Boot v2.5.1, Spring v5.3.8
2023-04-01 17:10:29,300 INFO org.springframework.boot.SpringApplication [main] The following profiles are active: local
2023-04-01 17:10:29,891 INFO org.springframework.data.repository.config.RepositoryConfigurationDelegate [main] Bootstrapping Spring Data JPA repositories in DEFAULT mode.
2023-04-01 17:10:29,933 INFO org.springframework.data.repository.config.RepositoryConfigurationDelegate [main] Finished Spring Data repository scanning in 35 ms. Found 1 JPA repository interfaces.
2023-04-01 17:10:30,464 INFO org.springframework.boot.web.embedded.tomcat.TomcatWebServer [main] Tomcat initialized with port(s): 8082 (http)
2023-04-01 17:10:30,472 INFO org.apache.juli.logging.DirectJDKLog [main] Initializing ProtocolHandler ["http-nio-8082"]
2023-04-01 17:10:30,473 INFO org.apache.juli.logging.DirectJDKLog [main] Starting service [Tomcat]
2023-04-01 17:10:30,473 INFO org.apache.juli.logging.DirectJDKLog [main] Starting Servlet engine: [Apache Tomcat/9.0.46]
2023-04-01 17:10:30,530 INFO org.apache.juli.logging.DirectJDKLog [main] Initializing Spring embedded WebApplicationContext
2023-04-01 17:10:30,530 INFO org.springframework.boot.web.servlet.context.ServletWebServerApplicationContext [main] Root WebApplicationContext: initialization completed in 1195 ms
2023-04-01 17:10:30,604 INFO com.zaxxer.hikari.HikariDataSource [main] HikariPool-1 - Starting...
2023-04-01 17:10:30,769 INFO com.zaxxer.hikari.pool.PoolBase [main] HikariPool-1 - Driver does not support get/set network timeout for connections. (com.mysql.jdbc.JDBC4Connection.getNetworkTimeout()I)
2023-04-01 17:10:30,771 INFO com.zaxxer.hikari.HikariDataSource [main] HikariPool-1 - Start completed.
2023-04-01 17:10:30,848 INFO org.hibernate.jpa.internal.util.LogHelper [main] HHH000204: Processing PersistenceUnitInfo [name: default]
2023-04-01 17:10:30,882 INFO org.hibernate.Version [main] HHH000412: Hibernate ORM core version 5.4.32.Final
2023-04-01 17:10:30,975 INFO org.hibernate.annotations.common.reflection.java.JavaReflectionManager [main] HCANN000001: Hibernate Commons Annotations {5.1.2.Final}
2023-04-01 17:10:31,053 INFO org.hibernate.dialect.Dialect [main] HHH000400: Using dialect: org.hibernate.dialect.MySQL57Dialect
2023-04-01 17:10:31,473 INFO org.hibernate.engine.transaction.jta.platform.internal.JtaPlatformInitiator [main] HHH000490: Using JtaPlatform implementation: [org.hibernate.engine.transaction.jta.platform.internal.NoJtaPlatform]
2023-04-01 17:10:31,479 INFO org.springframework.orm.jpa.AbstractEntityManagerFactoryBean [main] Initialized JPA EntityManagerFactory for persistence unit 'default'
2023-04-01 17:10:31,837 WARN org.springframework.boot.autoconfigure.orm.jpa.JpaBaseConfiguration$JpaWebConfiguration [main] spring.jpa.open-in-view is enabled by default. Therefore, database queries may be performed during view rendering. Explicitly configure spring.jpa.open-in-view to disable this warning
2023-04-01 17:10:31,928 DEBUG org.springframework.web.servlet.handler.AbstractHandlerMethodMapping [main] 12 mappings in 'requestMappingHandlerMapping'
2023-04-01 17:10:32,085 DEBUG org.springframework.web.servlet.mvc.method.annotation.RequestMappingHandlerAdapter [main] ControllerAdvice beans: 0 @ModelAttribute, 0 @InitBinder, 1 RequestBodyAdvice, 1 ResponseBodyAdvice
2023-04-01 17:10:32,126 DEBUG org.springframework.web.servlet.handler.SimpleUrlHandlerMapping [main] Patterns [/swagger-ui/] in 'viewControllerHandlerMapping'
2023-04-01 17:10:32,142 DEBUG org.springframework.web.servlet.handler.SimpleUrlHandlerMapping [main] Patterns [/webjars/**, /**, /swagger-ui/**] in 'resourceHandlerMapping'
2023-04-01 17:10:32,149 DEBUG org.springframework.web.servlet.mvc.method.annotation.ExceptionHandlerExceptionResolver [main] ControllerAdvice beans: 0 @ExceptionHandler, 1 ResponseBodyAdvice
2023-04-01 17:10:32,225 INFO org.apache.juli.logging.DirectJDKLog [main] Starting ProtocolHandler ["http-nio-8082"]
2023-04-01 17:10:32,242 INFO org.springframework.boot.web.embedded.tomcat.TomcatWebServer [main] Tomcat started on port(s): 8082 (http) with context path ''
2023-04-01 17:10:32,484 INFO org.springframework.boot.StartupInfoLogger [main] Started Demarage in 3.51 seconds (JVM running for 3.876)
2023-04-01 17:10:32,486 INFO ma.pfe.Demarage [main] Access URLs:
----------------------------------------------------------
	Local: 		http://127.0.0.1:8082/swagger-ui/#/
	External: 	http://192.168.83.1:8082/swagger-ui/#/
----------------------------------------------------------
2023-04-01 17:10:36,005 INFO org.apache.juli.logging.DirectJDKLog [http-nio-8082-exec-1] Initializing Spring DispatcherServlet 'dispatcherServlet'
2023-04-01 17:10:36,005 INFO org.springframework.web.servlet.FrameworkServlet [http-nio-8082-exec-1] Initializing Servlet 'dispatcherServlet'
2023-04-01 17:10:36,005 DEBUG org.springframework.web.servlet.DispatcherServlet [http-nio-8082-exec-1] Detected StandardServletMultipartResolver
2023-04-01 17:10:36,006 DEBUG org.springframework.web.servlet.DispatcherServlet [http-nio-8082-exec-1] Detected AcceptHeaderLocaleResolver
2023-04-01 17:10:36,006 DEBUG org.springframework.web.servlet.DispatcherServlet [http-nio-8082-exec-1] Detected FixedThemeResolver
2023-04-01 17:10:36,006 DEBUG org.springframework.web.servlet.DispatcherServlet [http-nio-8082-exec-1] Detected org.springframework.web.servlet.view.DefaultRequestToViewNameTranslator@7dddfc35
2023-04-01 17:10:36,007 DEBUG org.springframework.web.servlet.DispatcherServlet [http-nio-8082-exec-1] Detected org.springframework.web.servlet.support.SessionFlashMapManager@578b2dec
2023-04-01 17:10:36,007 DEBUG org.springframework.web.servlet.FrameworkServlet [http-nio-8082-exec-1] enableLoggingRequestDetails='false': request parameters and headers will be masked to prevent unsafe logging of potentially sensitive data
2023-04-01 17:10:36,007 INFO org.springframework.web.servlet.FrameworkServlet [http-nio-8082-exec-1] Completed initialization in 2 ms
2023-04-01 17:10:36,015 DEBUG org.springframework.core.log.LogFormatUtils [http-nio-8082-exec-1] GET "/swagger-resources/configuration/ui", parameters={}
2023-04-01 17:10:36,019 DEBUG org.springframework.web.servlet.handler.AbstractHandlerMapping [http-nio-8082-exec-1] Mapped to springfox.documentation.swagger.web.ApiResourceController#uiConfiguration()
2023-04-01 17:10:36,031 DEBUG org.springframework.web.servlet.mvc.method.annotation.AbstractMessageConverterMethodProcessor [http-nio-8082-exec-1] Using 'application/json', given [application/json] and supported [application/json]
2023-04-01 17:10:36,049 DEBUG org.springframework.core.log.LogFormatUtils [http-nio-8082-exec-1] Writing [springfox.documentation.swagger.web.UiConfiguration@74e1ae55]
2023-04-01 17:10:36,062 DEBUG org.springframework.web.servlet.FrameworkServlet [http-nio-8082-exec-1] Completed 200 OK
2023-04-01 17:10:36,068 DEBUG org.springframework.core.log.LogFormatUtils [http-nio-8082-exec-2] GET "/swagger-resources/configuration/security", parameters={}
2023-04-01 17:10:36,069 DEBUG org.springframework.web.servlet.handler.AbstractHandlerMapping [http-nio-8082-exec-2] Mapped to springfox.documentation.swagger.web.ApiResourceController#securityConfiguration()
2023-04-01 17:10:36,070 DEBUG org.springframework.web.servlet.mvc.method.annotation.AbstractMessageConverterMethodProcessor [http-nio-8082-exec-2] Using 'application/json', given [application/json] and supported [application/json]
2023-04-01 17:10:36,072 DEBUG org.springframework.core.log.LogFormatUtils [http-nio-8082-exec-2] Writing [springfox.documentation.swagger.web.SecurityConfiguration@1288bdb3]
2023-04-01 17:10:36,073 DEBUG org.springframework.web.servlet.FrameworkServlet [http-nio-8082-exec-2] Completed 200 OK
2023-04-01 17:10:36,078 DEBUG org.springframework.core.log.LogFormatUtils [http-nio-8082-exec-3] GET "/swagger-resources", parameters={}
2023-04-01 17:10:36,079 DEBUG org.springframework.web.servlet.handler.AbstractHandlerMapping [http-nio-8082-exec-3] Mapped to springfox.documentation.swagger.web.ApiResourceController#swaggerResources()
2023-04-01 17:10:36,079 DEBUG org.springframework.web.servlet.mvc.method.annotation.AbstractMessageConverterMethodProcessor [http-nio-8082-exec-3] Using 'application/json', given [application/json] and supported [application/json]
2023-04-01 17:10:36,080 DEBUG org.springframework.core.log.LogFormatUtils [http-nio-8082-exec-3] Writing [[springfox.documentation.swagger.web.SwaggerResource@5dc2259]]
2023-04-01 17:10:36,082 DEBUG org.springframework.web.servlet.FrameworkServlet [http-nio-8082-exec-3] Completed 200 OK
2023-04-01 17:10:36,106 DEBUG org.springframework.core.log.LogFormatUtils [http-nio-8082-exec-4] GET "/v2/api-docs", parameters={}
2023-04-01 17:10:36,107 DEBUG org.springframework.web.servlet.handler.AbstractHandlerMapping [http-nio-8082-exec-4] Mapped to springfox.documentation.swagger2.web.Swagger2ControllerWebMvc#getDocumentation(String, HttpServletRequest)
2023-04-01 17:10:36,218 DEBUG org.springframework.web.servlet.mvc.method.annotation.AbstractMessageConverterMethodProcessor [http-nio-8082-exec-4] Using 'application/json', given [application/json, */*] and supported [application/json, application/hal+json]
2023-04-01 17:10:36,220 DEBUG org.springframework.core.log.LogFormatUtils [http-nio-8082-exec-4] Writing [springfox.documentation.spring.web.json.Json@48abc060]
2023-04-01 17:10:36,221 DEBUG org.springframework.web.servlet.FrameworkServlet [http-nio-8082-exec-4] Completed 200 OK
2023-04-01 17:11:15,219 DEBUG org.springframework.core.log.LogFormatUtils [http-nio-8082-exec-5] POST "/Students", parameters={}
2023-04-01 17:11:15,220 DEBUG org.springframework.web.servlet.handler.AbstractHandlerMapping [http-nio-8082-exec-5] Mapped to ma.pfe.controllers.StudentController#save(StudentDTO)
2023-04-01 17:11:15,250 DEBUG org.springframework.core.log.LogFormatUtils [http-nio-8082-exec-5] Read "application/json;charset=UTF-8" to [StudentDTO{name='test', studentId=ma.pfe.dtos.StudentIdDTO@55743114, adresse=AdresseDTO{rue='string' (truncated)...]
2023-04-01 17:11:15,252 DEBUG ma.pfe.controllers.StudentController [http-nio-8082-exec-5] Start --> save 
2023-04-01 17:11:15,252 DEBUG ma.pfe.controllers.StudentController [http-nio-8082-exec-5] StudentDTO{name='test', studentId=ma.pfe.dtos.StudentIdDTO@55743114, adresse=AdresseDTO{rue='string', avenue='string', number='string'}, courses=[CoursDTO{id=0, name='string'}]}
2023-04-01 17:11:15,252 DEBUG ma.pfe.services.StudentService [http-nio-8082-exec-5] Start --> save 
2023-04-01 17:11:15,252 DEBUG ma.pfe.services.StudentService [http-nio-8082-exec-5] StudentDTO{name='test', studentId=ma.pfe.dtos.StudentIdDTO@55743114, adresse=AdresseDTO{rue='string', avenue='string', number='string'}, courses=[CoursDTO{id=0, name='string'}]}
2023-04-01 17:11:15,324 DEBUG org.springframework.web.servlet.mvc.method.annotation.AbstractMessageConverterMethodProcessor [http-nio-8082-exec-5] Using 'application/json', given [*/*] and supported [application/json, application/*+json, application/json, application/*+json]
2023-04-01 17:11:15,325 DEBUG org.springframework.core.log.LogFormatUtils [http-nio-8082-exec-5] Writing [1]
2023-04-01 17:11:15,326 DEBUG org.springframework.web.servlet.FrameworkServlet [http-nio-8082-exec-5] Completed 200 OK
2023-04-01 17:11:24,833 DEBUG org.springframework.core.log.LogFormatUtils [http-nio-8082-exec-6] POST "/Students", parameters={}
2023-04-01 17:11:24,834 DEBUG org.springframework.web.servlet.handler.AbstractHandlerMapping [http-nio-8082-exec-6] Mapped to ma.pfe.controllers.StudentController#save(StudentDTO)
2023-04-01 17:11:24,836 DEBUG org.springframework.core.log.LogFormatUtils [http-nio-8082-exec-6] Read "application/json;charset=UTF-8" to [StudentDTO{name='test', studentId=ma.pfe.dtos.StudentIdDTO@12c3943a, adresse=AdresseDTO{rue='string' (truncated)...]
2023-04-01 17:11:24,836 DEBUG ma.pfe.controllers.StudentController [http-nio-8082-exec-6] Start --> save 
2023-04-01 17:11:24,836 DEBUG ma.pfe.controllers.StudentController [http-nio-8082-exec-6] StudentDTO{name='test', studentId=ma.pfe.dtos.StudentIdDTO@12c3943a, adresse=AdresseDTO{rue='string', avenue='string', number='string'}, courses=[CoursDTO{id=0, name='string'}]}
2023-04-01 17:11:24,836 DEBUG ma.pfe.services.StudentService [http-nio-8082-exec-6] Start --> save 
2023-04-01 17:11:24,836 DEBUG ma.pfe.services.StudentService [http-nio-8082-exec-6] StudentDTO{name='test', studentId=ma.pfe.dtos.StudentIdDTO@12c3943a, adresse=AdresseDTO{rue='string', avenue='string', number='string'}, courses=[CoursDTO{id=0, name='string'}]}
2023-04-01 17:11:24,852 DEBUG org.springframework.web.servlet.mvc.method.annotation.AbstractMessageConverterMethodProcessor [http-nio-8082-exec-6] Using 'application/json', given [*/*] and supported [application/json, application/*+json, application/json, application/*+json]
2023-04-01 17:11:24,853 DEBUG org.springframework.core.log.LogFormatUtils [http-nio-8082-exec-6] Writing [1]
2023-04-01 17:11:24,854 DEBUG org.springframework.web.servlet.FrameworkServlet [http-nio-8082-exec-6] Completed 200 OK
2023-04-01 17:15:10,305 INFO org.springframework.orm.jpa.AbstractEntityManagerFactoryBean [SpringApplicationShutdownHook] Closing JPA EntityManagerFactory for persistence unit 'default'
2023-04-01 17:15:10,306 INFO com.zaxxer.hikari.HikariDataSource [SpringApplicationShutdownHook] HikariPool-1 - Shutdown initiated...
2023-04-01 17:15:10,308 INFO com.zaxxer.hikari.HikariDataSource [SpringApplicationShutdownHook] HikariPool-1 - Shutdown completed.
2023-04-01 17:15:12,949 INFO org.springframework.boot.StartupInfoLogger [main] Starting Demarage using Java 1.8.0_362 on DESKTOP-VLQJ05K with PID 24352 (C:\Users\idris\OneDrive\Bureau\git\TPComponentsSpringIOC\target\classes started by idris in C:\Users\idris\OneDrive\Bureau\git\TPComponentsSpringIOC)
2023-04-01 17:15:12,951 DEBUG org.springframework.boot.StartupInfoLogger [main] Running with Spring Boot v2.5.1, Spring v5.3.8
2023-04-01 17:15:12,951 INFO org.springframework.boot.SpringApplication [main] The following profiles are active: local
2023-04-01 17:15:13,508 INFO org.springframework.data.repository.config.RepositoryConfigurationDelegate [main] Bootstrapping Spring Data JPA repositories in DEFAULT mode.
2023-04-01 17:15:13,549 INFO org.springframework.data.repository.config.RepositoryConfigurationDelegate [main] Finished Spring Data repository scanning in 33 ms. Found 1 JPA repository interfaces.
2023-04-01 17:15:14,093 INFO org.springframework.boot.web.embedded.tomcat.TomcatWebServer [main] Tomcat initialized with port(s): 8082 (http)
2023-04-01 17:15:14,101 INFO org.apache.juli.logging.DirectJDKLog [main] Initializing ProtocolHandler ["http-nio-8082"]
2023-04-01 17:15:14,101 INFO org.apache.juli.logging.DirectJDKLog [main] Starting service [Tomcat]
2023-04-01 17:15:14,101 INFO org.apache.juli.logging.DirectJDKLog [main] Starting Servlet engine: [Apache Tomcat/9.0.46]
2023-04-01 17:15:14,160 INFO org.apache.juli.logging.DirectJDKLog [main] Initializing Spring embedded WebApplicationContext
2023-04-01 17:15:14,161 INFO org.springframework.boot.web.servlet.context.ServletWebServerApplicationContext [main] Root WebApplicationContext: initialization completed in 1180 ms
2023-04-01 17:15:14,263 INFO com.zaxxer.hikari.HikariDataSource [main] HikariPool-1 - Starting...
2023-04-01 17:15:14,397 INFO com.zaxxer.hikari.pool.PoolBase [main] HikariPool-1 - Driver does not support get/set network timeout for connections. (com.mysql.jdbc.JDBC4Connection.getNetworkTimeout()I)
2023-04-01 17:15:14,399 INFO com.zaxxer.hikari.HikariDataSource [main] HikariPool-1 - Start completed.
2023-04-01 17:15:14,478 INFO org.hibernate.jpa.internal.util.LogHelper [main] HHH000204: Processing PersistenceUnitInfo [name: default]
2023-04-01 17:15:14,511 INFO org.hibernate.Version [main] HHH000412: Hibernate ORM core version 5.4.32.Final
2023-04-01 17:15:14,606 INFO org.hibernate.annotations.common.reflection.java.JavaReflectionManager [main] HCANN000001: Hibernate Commons Annotations {5.1.2.Final}
2023-04-01 17:15:14,683 INFO org.hibernate.dialect.Dialect [main] HHH000400: Using dialect: org.hibernate.dialect.MySQL57Dialect
2023-04-01 17:15:15,106 INFO org.hibernate.engine.transaction.jta.platform.internal.JtaPlatformInitiator [main] HHH000490: Using JtaPlatform implementation: [org.hibernate.engine.transaction.jta.platform.internal.NoJtaPlatform]
2023-04-01 17:15:15,112 INFO org.springframework.orm.jpa.AbstractEntityManagerFactoryBean [main] Initialized JPA EntityManagerFactory for persistence unit 'default'
2023-04-01 17:15:15,445 WARN org.springframework.boot.autoconfigure.orm.jpa.JpaBaseConfiguration$JpaWebConfiguration [main] spring.jpa.open-in-view is enabled by default. Therefore, database queries may be performed during view rendering. Explicitly configure spring.jpa.open-in-view to disable this warning
2023-04-01 17:15:15,535 DEBUG org.springframework.web.servlet.handler.AbstractHandlerMethodMapping [main] 12 mappings in 'requestMappingHandlerMapping'
2023-04-01 17:15:15,685 DEBUG org.springframework.web.servlet.mvc.method.annotation.RequestMappingHandlerAdapter [main] ControllerAdvice beans: 0 @ModelAttribute, 0 @InitBinder, 1 RequestBodyAdvice, 1 ResponseBodyAdvice
2023-04-01 17:15:15,726 DEBUG org.springframework.web.servlet.handler.SimpleUrlHandlerMapping [main] Patterns [/swagger-ui/] in 'viewControllerHandlerMapping'
2023-04-01 17:15:15,741 DEBUG org.springframework.web.servlet.handler.SimpleUrlHandlerMapping [main] Patterns [/webjars/**, /**, /swagger-ui/**] in 'resourceHandlerMapping'
2023-04-01 17:15:15,747 DEBUG org.springframework.web.servlet.mvc.method.annotation.ExceptionHandlerExceptionResolver [main] ControllerAdvice beans: 0 @ExceptionHandler, 1 ResponseBodyAdvice
2023-04-01 17:15:15,892 INFO org.apache.juli.logging.DirectJDKLog [main] Starting ProtocolHandler ["http-nio-8082"]
2023-04-01 17:15:15,914 INFO org.springframework.boot.web.embedded.tomcat.TomcatWebServer [main] Tomcat started on port(s): 8082 (http) with context path ''
2023-04-01 17:15:16,082 INFO org.springframework.boot.StartupInfoLogger [main] Started Demarage in 3.442 seconds (JVM running for 3.816)
2023-04-01 17:15:16,085 INFO ma.pfe.Demarage [main] Access URLs:
----------------------------------------------------------
	Local: 		http://127.0.0.1:8082/swagger-ui/#/
	External: 	http://192.168.83.1:8082/swagger-ui/#/
----------------------------------------------------------
2023-04-01 17:15:18,388 INFO org.apache.juli.logging.DirectJDKLog [http-nio-8082-exec-1] Initializing Spring DispatcherServlet 'dispatcherServlet'
2023-04-01 17:15:18,389 INFO org.springframework.web.servlet.FrameworkServlet [http-nio-8082-exec-1] Initializing Servlet 'dispatcherServlet'
2023-04-01 17:15:18,389 DEBUG org.springframework.web.servlet.DispatcherServlet [http-nio-8082-exec-1] Detected StandardServletMultipartResolver
2023-04-01 17:15:18,389 DEBUG org.springframework.web.servlet.DispatcherServlet [http-nio-8082-exec-1] Detected AcceptHeaderLocaleResolver
2023-04-01 17:15:18,389 DEBUG org.springframework.web.servlet.DispatcherServlet [http-nio-8082-exec-1] Detected FixedThemeResolver
2023-04-01 17:15:18,390 DEBUG org.springframework.web.servlet.DispatcherServlet [http-nio-8082-exec-1] Detected org.springframework.web.servlet.view.DefaultRequestToViewNameTranslator@4a944af9
2023-04-01 17:15:18,390 DEBUG org.springframework.web.servlet.DispatcherServlet [http-nio-8082-exec-1] Detected org.springframework.web.servlet.support.SessionFlashMapManager@fd5689d
2023-04-01 17:15:18,390 DEBUG org.springframework.web.servlet.FrameworkServlet [http-nio-8082-exec-1] enableLoggingRequestDetails='false': request parameters and headers will be masked to prevent unsafe logging of potentially sensitive data
2023-04-01 17:15:18,390 INFO org.springframework.web.servlet.FrameworkServlet [http-nio-8082-exec-1] Completed initialization in 1 ms
2023-04-01 17:15:18,398 DEBUG org.springframework.core.log.LogFormatUtils [http-nio-8082-exec-1] GET "/swagger-resources/configuration/ui", parameters={}
2023-04-01 17:15:18,402 DEBUG org.springframework.web.servlet.handler.AbstractHandlerMapping [http-nio-8082-exec-1] Mapped to springfox.documentation.swagger.web.ApiResourceController#uiConfiguration()
2023-04-01 17:15:18,413 DEBUG org.springframework.web.servlet.mvc.method.annotation.AbstractMessageConverterMethodProcessor [http-nio-8082-exec-1] Using 'application/json', given [application/json] and supported [application/json]
2023-04-01 17:15:18,431 DEBUG org.springframework.core.log.LogFormatUtils [http-nio-8082-exec-1] Writing [springfox.documentation.swagger.web.UiConfiguration@3175615b]
2023-04-01 17:15:18,443 DEBUG org.springframework.web.servlet.FrameworkServlet [http-nio-8082-exec-1] Completed 200 OK
2023-04-01 17:15:18,450 DEBUG org.springframework.core.log.LogFormatUtils [http-nio-8082-exec-2] GET "/swagger-resources/configuration/security", parameters={}
2023-04-01 17:15:18,450 DEBUG org.springframework.web.servlet.handler.AbstractHandlerMapping [http-nio-8082-exec-2] Mapped to springfox.documentation.swagger.web.ApiResourceController#securityConfiguration()
2023-04-01 17:15:18,451 DEBUG org.springframework.web.servlet.mvc.method.annotation.AbstractMessageConverterMethodProcessor [http-nio-8082-exec-2] Using 'application/json', given [application/json] and supported [application/json]
2023-04-01 17:15:18,453 DEBUG org.springframework.core.log.LogFormatUtils [http-nio-8082-exec-2] Writing [springfox.documentation.swagger.web.SecurityConfiguration@6f0ad1a5]
2023-04-01 17:15:18,454 DEBUG org.springframework.web.servlet.FrameworkServlet [http-nio-8082-exec-2] Completed 200 OK
2023-04-01 17:15:18,458 DEBUG org.springframework.core.log.LogFormatUtils [http-nio-8082-exec-6] GET "/swagger-resources", parameters={}
2023-04-01 17:15:18,459 DEBUG org.springframework.web.servlet.handler.AbstractHandlerMapping [http-nio-8082-exec-6] Mapped to springfox.documentation.swagger.web.ApiResourceController#swaggerResources()
2023-04-01 17:15:18,459 DEBUG org.springframework.web.servlet.mvc.method.annotation.AbstractMessageConverterMethodProcessor [http-nio-8082-exec-6] Using 'application/json', given [application/json] and supported [application/json]
2023-04-01 17:15:18,460 DEBUG org.springframework.core.log.LogFormatUtils [http-nio-8082-exec-6] Writing [[springfox.documentation.swagger.web.SwaggerResource@7b4fbd44]]
2023-04-01 17:15:18,462 DEBUG org.springframework.web.servlet.FrameworkServlet [http-nio-8082-exec-6] Completed 200 OK
2023-04-01 17:15:18,484 DEBUG org.springframework.core.log.LogFormatUtils [http-nio-8082-exec-4] GET "/v2/api-docs", parameters={}
2023-04-01 17:15:18,484 DEBUG org.springframework.web.servlet.handler.AbstractHandlerMapping [http-nio-8082-exec-4] Mapped to springfox.documentation.swagger2.web.Swagger2ControllerWebMvc#getDocumentation(String, HttpServletRequest)
2023-04-01 17:15:18,560 DEBUG org.springframework.web.servlet.mvc.method.annotation.AbstractMessageConverterMethodProcessor [http-nio-8082-exec-4] Using 'application/json', given [application/json, */*] and supported [application/json, application/hal+json]
2023-04-01 17:15:18,562 DEBUG org.springframework.core.log.LogFormatUtils [http-nio-8082-exec-4] Writing [springfox.documentation.spring.web.json.Json@3cc0340e]
2023-04-01 17:15:18,563 DEBUG org.springframework.web.servlet.FrameworkServlet [http-nio-8082-exec-4] Completed 200 OK
2023-04-01 17:16:54,961 INFO org.springframework.orm.jpa.AbstractEntityManagerFactoryBean [SpringApplicationShutdownHook] Closing JPA EntityManagerFactory for persistence unit 'default'
2023-04-01 17:16:54,963 INFO com.zaxxer.hikari.HikariDataSource [SpringApplicationShutdownHook] HikariPool-1 - Shutdown initiated...
2023-04-01 17:16:54,965 INFO com.zaxxer.hikari.HikariDataSource [SpringApplicationShutdownHook] HikariPool-1 - Shutdown completed.
