2023-05-01 19:18:03,314 INFO org.springframework.boot.StartupInfoLogger [main] Starting Demarage using Java 1.8.0_362 on DESKTOP-VLQJ05K with PID 17384 (C:\Users\idris\OneDrive\Bureau\bch\git\TPComponentsSpringIOC\target\classes started by idris in C:\Users\idris\OneDrive\Bureau\bch\git\TPComponentsSpringIOC)
2023-05-01 19:18:03,319 DEBUG org.springframework.boot.StartupInfoLogger [main] Running with Spring Boot v2.5.1, Spring v5.3.8
2023-05-01 19:18:03,319 INFO org.springframework.boot.SpringApplication [main] The following profiles are active: local
2023-05-01 19:18:04,153 INFO org.springframework.data.repository.config.RepositoryConfigurationDelegate [main] Bootstrapping Spring Data JPA repositories in DEFAULT mode.
2023-05-01 19:18:04,210 INFO org.springframework.data.repository.config.RepositoryConfigurationDelegate [main] Finished Spring Data repository scanning in 47 ms. Found 1 JPA repository interfaces.
2023-05-01 19:18:04,922 INFO org.springframework.boot.web.embedded.tomcat.TomcatWebServer [main] Tomcat initialized with port(s): 8082 (http)
2023-05-01 19:18:04,930 INFO org.apache.juli.logging.DirectJDKLog [main] Initializing ProtocolHandler ["http-nio-8082"]
2023-05-01 19:18:04,931 INFO org.apache.juli.logging.DirectJDKLog [main] Starting service [Tomcat]
2023-05-01 19:18:04,931 INFO org.apache.juli.logging.DirectJDKLog [main] Starting Servlet engine: [Apache Tomcat/9.0.46]
2023-05-01 19:18:04,995 INFO org.apache.juli.logging.DirectJDKLog [main] Initializing Spring embedded WebApplicationContext
2023-05-01 19:18:04,996 INFO org.springframework.boot.web.servlet.context.ServletWebServerApplicationContext [main] Root WebApplicationContext: initialization completed in 1631 ms
2023-05-01 19:18:05,109 INFO com.zaxxer.hikari.HikariDataSource [main] HikariPool-1 - Starting...
2023-05-01 19:18:05,375 INFO com.zaxxer.hikari.pool.PoolBase [main] HikariPool-1 - Driver does not support get/set network timeout for connections. (com.mysql.jdbc.JDBC4Connection.getNetworkTimeout()I)
2023-05-01 19:18:05,379 INFO com.zaxxer.hikari.HikariDataSource [main] HikariPool-1 - Start completed.
2023-05-01 19:18:05,489 INFO org.hibernate.jpa.internal.util.LogHelper [main] HHH000204: Processing PersistenceUnitInfo [name: default]
2023-05-01 19:18:05,557 INFO org.hibernate.Version [main] HHH000412: Hibernate ORM core version 5.4.32.Final
2023-05-01 19:18:05,677 INFO org.hibernate.annotations.common.reflection.java.JavaReflectionManager [main] HCANN000001: Hibernate Commons Annotations {5.1.2.Final}
2023-05-01 19:18:05,792 INFO org.hibernate.dialect.Dialect [main] HHH000400: Using dialect: org.hibernate.dialect.MySQL57Dialect
2023-05-01 19:18:06,324 INFO org.hibernate.engine.transaction.jta.platform.internal.JtaPlatformInitiator [main] HHH000490: Using JtaPlatform implementation: [org.hibernate.engine.transaction.jta.platform.internal.NoJtaPlatform]
2023-05-01 19:18:06,332 INFO org.springframework.orm.jpa.AbstractEntityManagerFactoryBean [main] Initialized JPA EntityManagerFactory for persistence unit 'default'
2023-05-01 19:18:06,744 WARN org.springframework.boot.autoconfigure.orm.jpa.JpaBaseConfiguration$JpaWebConfiguration [main] spring.jpa.open-in-view is enabled by default. Therefore, database queries may be performed during view rendering. Explicitly configure spring.jpa.open-in-view to disable this warning
2023-05-01 19:18:06,868 DEBUG org.springframework.web.servlet.handler.AbstractHandlerMethodMapping [main] 12 mappings in 'requestMappingHandlerMapping'
2023-05-01 19:18:07,094 DEBUG org.springframework.web.servlet.mvc.method.annotation.RequestMappingHandlerAdapter [main] ControllerAdvice beans: 0 @ModelAttribute, 0 @InitBinder, 1 RequestBodyAdvice, 1 ResponseBodyAdvice
2023-05-01 19:18:07,168 DEBUG org.springframework.web.servlet.handler.SimpleUrlHandlerMapping [main] Patterns [/swagger-ui/] in 'viewControllerHandlerMapping'
2023-05-01 19:18:07,191 DEBUG org.springframework.web.servlet.handler.SimpleUrlHandlerMapping [main] Patterns [/webjars/**, /**, /swagger-ui/**] in 'resourceHandlerMapping'
2023-05-01 19:18:07,199 DEBUG org.springframework.web.servlet.mvc.method.annotation.ExceptionHandlerExceptionResolver [main] ControllerAdvice beans: 0 @ExceptionHandler, 1 ResponseBodyAdvice
2023-05-01 19:18:07,415 INFO org.apache.juli.logging.DirectJDKLog [main] Starting ProtocolHandler ["http-nio-8082"]
2023-05-01 19:18:07,441 INFO org.springframework.boot.web.embedded.tomcat.TomcatWebServer [main] Tomcat started on port(s): 8082 (http) with context path ''
2023-05-01 19:18:07,706 INFO org.springframework.boot.StartupInfoLogger [main] Started Demarage in 4.84 seconds (JVM running for 5.384)
2023-05-01 19:18:07,709 INFO ma.pfe.Demarage [main] Access URLs:
----------------------------------------------------------
	Local: 		http://127.0.0.1:8082/swagger-ui/#/
	External: 	http://192.168.83.1:8082/swagger-ui/#/
----------------------------------------------------------
2023-05-01 19:18:31,399 INFO org.apache.juli.logging.DirectJDKLog [http-nio-8082-exec-1] Initializing Spring DispatcherServlet 'dispatcherServlet'
2023-05-01 19:18:31,399 INFO org.springframework.web.servlet.FrameworkServlet [http-nio-8082-exec-1] Initializing Servlet 'dispatcherServlet'
2023-05-01 19:18:31,400 DEBUG org.springframework.web.servlet.DispatcherServlet [http-nio-8082-exec-1] Detected StandardServletMultipartResolver
2023-05-01 19:18:31,401 DEBUG org.springframework.web.servlet.DispatcherServlet [http-nio-8082-exec-1] Detected AcceptHeaderLocaleResolver
2023-05-01 19:18:31,401 DEBUG org.springframework.web.servlet.DispatcherServlet [http-nio-8082-exec-1] Detected FixedThemeResolver
2023-05-01 19:18:31,404 DEBUG org.springframework.web.servlet.DispatcherServlet [http-nio-8082-exec-1] Detected org.springframework.web.servlet.view.DefaultRequestToViewNameTranslator@46d148bd
2023-05-01 19:18:31,404 DEBUG org.springframework.web.servlet.DispatcherServlet [http-nio-8082-exec-1] Detected org.springframework.web.servlet.support.SessionFlashMapManager@20f63ddc
2023-05-01 19:18:31,405 DEBUG org.springframework.web.servlet.FrameworkServlet [http-nio-8082-exec-1] enableLoggingRequestDetails='false': request parameters and headers will be masked to prevent unsafe logging of potentially sensitive data
2023-05-01 19:18:31,405 INFO org.springframework.web.servlet.FrameworkServlet [http-nio-8082-exec-1] Completed initialization in 5 ms
2023-05-01 19:18:31,418 DEBUG org.springframework.core.log.LogFormatUtils [http-nio-8082-exec-1] GET "/swagger-ui/", parameters={}
2023-05-01 19:18:31,427 DEBUG org.springframework.web.servlet.handler.AbstractHandlerMapping [http-nio-8082-exec-1] Mapped to ParameterizableViewController [view="forward:/swagger-ui/index.html"]
2023-05-01 19:18:31,436 DEBUG org.springframework.web.servlet.view.ContentNegotiatingViewResolver [http-nio-8082-exec-1] Selected 'text/html' given [text/html, application/xhtml+xml, image/webp, image/apng, application/xml;q=0.9, application/signed-exchange;v=b3;q=0.7, */*;q=0.8]
2023-05-01 19:18:31,436 DEBUG org.springframework.web.servlet.view.AbstractView [http-nio-8082-exec-1] View name 'forward:', model {}
2023-05-01 19:18:31,438 DEBUG org.springframework.web.servlet.view.InternalResourceView [http-nio-8082-exec-1] Forwarding to [/swagger-ui/index.html]
2023-05-01 19:18:31,443 DEBUG org.springframework.core.log.LogFormatUtils [http-nio-8082-exec-1] "FORWARD" dispatch for GET "/swagger-ui/index.html", parameters={}
2023-05-01 19:18:31,446 DEBUG org.springframework.web.servlet.handler.AbstractHandlerMapping [http-nio-8082-exec-1] Mapped to ResourceHttpRequestHandler [Classpath [META-INF/resources/webjars/springfox-swagger-ui/]]
2023-05-01 19:18:31,462 DEBUG org.springframework.web.servlet.FrameworkServlet [http-nio-8082-exec-1] Exiting from "FORWARD" dispatch, status 200
2023-05-01 19:18:31,465 DEBUG org.springframework.web.servlet.FrameworkServlet [http-nio-8082-exec-1] Completed 200 OK
2023-05-01 19:18:31,480 DEBUG org.springframework.core.log.LogFormatUtils [http-nio-8082-exec-2] GET "/swagger-ui/springfox.css?v=3.0.0", parameters={masked}
2023-05-01 19:18:31,480 DEBUG org.springframework.core.log.LogFormatUtils [http-nio-8082-exec-3] GET "/swagger-ui/swagger-ui.css?v=3.0.0", parameters={masked}
2023-05-01 19:18:31,481 DEBUG org.springframework.core.log.LogFormatUtils [http-nio-8082-exec-6] GET "/swagger-ui/springfox.js?v=3.0.0", parameters={masked}
2023-05-01 19:18:31,481 DEBUG org.springframework.core.log.LogFormatUtils [http-nio-8082-exec-4] GET "/swagger-ui/swagger-ui-standalone-preset.js?v=3.0.0", parameters={masked}
2023-05-01 19:18:31,481 DEBUG org.springframework.core.log.LogFormatUtils [http-nio-8082-exec-5] GET "/swagger-ui/swagger-ui-bundle.js?v=3.0.0", parameters={masked}
2023-05-01 19:18:31,482 DEBUG org.springframework.web.servlet.handler.AbstractHandlerMapping [http-nio-8082-exec-6] Mapped to ResourceHttpRequestHandler [Classpath [META-INF/resources/webjars/springfox-swagger-ui/]]
2023-05-01 19:18:31,482 DEBUG org.springframework.web.servlet.handler.AbstractHandlerMapping [http-nio-8082-exec-3] Mapped to ResourceHttpRequestHandler [Classpath [META-INF/resources/webjars/springfox-swagger-ui/]]
2023-05-01 19:18:31,482 DEBUG org.springframework.web.servlet.handler.AbstractHandlerMapping [http-nio-8082-exec-5] Mapped to ResourceHttpRequestHandler [Classpath [META-INF/resources/webjars/springfox-swagger-ui/]]
2023-05-01 19:18:31,482 DEBUG org.springframework.web.servlet.handler.AbstractHandlerMapping [http-nio-8082-exec-2] Mapped to ResourceHttpRequestHandler [Classpath [META-INF/resources/webjars/springfox-swagger-ui/]]
2023-05-01 19:18:31,482 DEBUG org.springframework.web.servlet.handler.AbstractHandlerMapping [http-nio-8082-exec-4] Mapped to ResourceHttpRequestHandler [Classpath [META-INF/resources/webjars/springfox-swagger-ui/]]
2023-05-01 19:18:31,503 DEBUG org.springframework.web.servlet.FrameworkServlet [http-nio-8082-exec-2] Completed 200 OK
2023-05-01 19:18:31,504 DEBUG org.springframework.web.servlet.FrameworkServlet [http-nio-8082-exec-3] Completed 200 OK
2023-05-01 19:18:31,504 DEBUG org.springframework.web.servlet.FrameworkServlet [http-nio-8082-exec-6] Completed 200 OK
2023-05-01 19:18:31,508 DEBUG org.springframework.web.servlet.FrameworkServlet [http-nio-8082-exec-4] Completed 200 OK
2023-05-01 19:18:31,517 DEBUG org.springframework.web.servlet.FrameworkServlet [http-nio-8082-exec-5] Completed 200 OK
2023-05-01 19:18:31,709 DEBUG org.springframework.core.log.LogFormatUtils [http-nio-8082-exec-7] GET "/swagger-resources/configuration/ui", parameters={}
2023-05-01 19:18:31,711 DEBUG org.springframework.web.servlet.handler.AbstractHandlerMapping [http-nio-8082-exec-7] Mapped to springfox.documentation.swagger.web.ApiResourceController#uiConfiguration()
2023-05-01 19:18:31,716 DEBUG org.springframework.core.log.LogFormatUtils [http-nio-8082-exec-8] GET "/swagger-ui/favicon-32x32.png?v=3.0.0", parameters={masked}
2023-05-01 19:18:31,716 DEBUG org.springframework.web.servlet.handler.AbstractHandlerMapping [http-nio-8082-exec-8] Mapped to ResourceHttpRequestHandler [Classpath [META-INF/resources/webjars/springfox-swagger-ui/]]
2023-05-01 19:18:31,719 DEBUG org.springframework.web.servlet.FrameworkServlet [http-nio-8082-exec-8] Completed 200 OK
2023-05-01 19:18:31,724 DEBUG org.springframework.web.servlet.mvc.method.annotation.AbstractMessageConverterMethodProcessor [http-nio-8082-exec-7] Using 'application/json', given [application/json] and supported [application/json]
2023-05-01 19:18:31,742 DEBUG org.springframework.core.log.LogFormatUtils [http-nio-8082-exec-7] Writing [springfox.documentation.swagger.web.UiConfiguration@3deeb786]
2023-05-01 19:18:31,750 DEBUG org.springframework.web.servlet.FrameworkServlet [http-nio-8082-exec-7] Completed 200 OK
2023-05-01 19:18:31,757 DEBUG org.springframework.core.log.LogFormatUtils [http-nio-8082-exec-9] GET "/swagger-resources/configuration/security", parameters={}
2023-05-01 19:18:31,757 DEBUG org.springframework.web.servlet.handler.AbstractHandlerMapping [http-nio-8082-exec-9] Mapped to springfox.documentation.swagger.web.ApiResourceController#securityConfiguration()
2023-05-01 19:18:31,758 DEBUG org.springframework.web.servlet.mvc.method.annotation.AbstractMessageConverterMethodProcessor [http-nio-8082-exec-9] Using 'application/json', given [application/json] and supported [application/json]
2023-05-01 19:18:31,760 DEBUG org.springframework.core.log.LogFormatUtils [http-nio-8082-exec-9] Writing [springfox.documentation.swagger.web.SecurityConfiguration@4853f3cf]
2023-05-01 19:18:31,761 DEBUG org.springframework.web.servlet.FrameworkServlet [http-nio-8082-exec-9] Completed 200 OK
2023-05-01 19:18:31,767 DEBUG org.springframework.core.log.LogFormatUtils [http-nio-8082-exec-10] GET "/swagger-resources", parameters={}
2023-05-01 19:18:31,768 DEBUG org.springframework.web.servlet.handler.AbstractHandlerMapping [http-nio-8082-exec-10] Mapped to springfox.documentation.swagger.web.ApiResourceController#swaggerResources()
2023-05-01 19:18:31,768 DEBUG org.springframework.web.servlet.mvc.method.annotation.AbstractMessageConverterMethodProcessor [http-nio-8082-exec-10] Using 'application/json', given [application/json] and supported [application/json]
2023-05-01 19:18:31,769 DEBUG org.springframework.core.log.LogFormatUtils [http-nio-8082-exec-10] Writing [[springfox.documentation.swagger.web.SwaggerResource@5673f466]]
2023-05-01 19:18:31,771 DEBUG org.springframework.web.servlet.FrameworkServlet [http-nio-8082-exec-10] Completed 200 OK
2023-05-01 19:18:31,795 DEBUG org.springframework.core.log.LogFormatUtils [http-nio-8082-exec-1] GET "/v2/api-docs", parameters={}
2023-05-01 19:18:31,795 DEBUG org.springframework.web.servlet.handler.AbstractHandlerMapping [http-nio-8082-exec-1] Mapped to springfox.documentation.swagger2.web.Swagger2ControllerWebMvc#getDocumentation(String, HttpServletRequest)
2023-05-01 19:18:31,874 DEBUG org.springframework.web.servlet.mvc.method.annotation.AbstractMessageConverterMethodProcessor [http-nio-8082-exec-1] Using 'application/json', given [application/json, */*] and supported [application/json, application/hal+json]
2023-05-01 19:18:31,876 DEBUG org.springframework.core.log.LogFormatUtils [http-nio-8082-exec-1] Writing [springfox.documentation.spring.web.json.Json@3beedfbb]
2023-05-01 19:18:31,877 DEBUG org.springframework.web.servlet.FrameworkServlet [http-nio-8082-exec-1] Completed 200 OK
2023-05-01 23:40:07,762 WARN com.zaxxer.hikari.pool.HikariPool$HouseKeeper [HikariPool-1 housekeeper] HikariPool-1 - Thread starvation or clock leap detected (housekeeper delta=3h45m31s736ms374µs400ns).
